<?xml version="1.0" encoding="UTF-8"?>
<testsuite name="com.donatedrop.profile_basic.Test_Dao_Profile_Basic_Impl" time="0.019" tests="1" errors="1" skipped="0" failures="0">
  <properties>
    <property name="java.runtime.name" value="Java(TM) SE Runtime Environment"/>
    <property name="sun.boot.library.path" value="C:\Program Files\Java\jdk1.8.0_102\jre\bin"/>
    <property name="java.vm.version" value="25.102-b14"/>
    <property name="java.vm.vendor" value="Oracle Corporation"/>
    <property name="java.vendor.url" value="http://java.oracle.com/"/>
    <property name="path.separator" value=";"/>
    <property name="guice.disable.misplaced.annotation.check" value="true"/>
    <property name="java.vm.name" value="Java HotSpot(TM) 64-Bit Server VM"/>
    <property name="file.encoding.pkg" value="sun.io"/>
    <property name="user.script" value=""/>
    <property name="user.country" value="US"/>
    <property name="sun.java.launcher" value="SUN_STANDARD"/>
    <property name="sun.os.patch.level" value=""/>
    <property name="test" value="com.donatedrop.profile_basic.Test_Dao_Profile_Basic_Impl"/>
    <property name="java.vm.specification.name" value="Java Virtual Machine Specification"/>
    <property name="user.dir" value="E:\Drive_H\recover\NTFS_3\backUp\Documents\NetBeansProjects\drop\com.donatedrop\back_end\com.donatedrop"/>
    <property name="java.runtime.version" value="1.8.0_102-b14"/>
    <property name="java.awt.graphicsenv" value="sun.awt.Win32GraphicsEnvironment"/>
    <property name="java.endorsed.dirs" value="C:\Program Files\Java\jdk1.8.0_102\jre\lib\endorsed"/>
    <property name="os.arch" value="amd64"/>
    <property name="java.io.tmpdir" value="C:\Users\G7\AppData\Local\Temp\"/>
    <property name="line.separator" value="&#10;"/>
    <property name="java.vm.specification.vendor" value="Oracle Corporation"/>
    <property name="user.variant" value=""/>
    <property name="os.name" value="Windows 10"/>
    <property name="maven.ext.class.path" value="C:\Program Files\NetBeans 8.2\java\maven-nblib\netbeans-eventspy.jar"/>
    <property name="classworlds.conf" value="C:\Program Files\NetBeans 8.2\java\maven\bin\m2.conf"/>
    <property name="sun.jnu.encoding" value="Cp1252"/>
    <property name="java.library.path" value="C:\Program Files\Java\jdk1.8.0_102\bin;C:\WINDOWS\Sun\Java\bin;C:\WINDOWS\system32;C:\WINDOWS;C:\ProgramData\Oracle\Java\javapath;C:\WINDOWS\system32;C:\WINDOWS;C:\WINDOWS\System32\Wbem;C:\WINDOWS\System32\WindowsPowerShell\v1.0\;E:\ProgramsFiles\xampp\php;C:\ProgramData\ComposerSetup\bin;C:\Program Files\nodejs\;C:\WINDOWS\System32\OpenSSH\;C:\Program Files\Git\cmd;E:\ProgramsFiles\apache-maven-3.6.3\bin;;C:\Program Files\NVIDIA Corporation\NVIDIA NvDLISR;C:\Program Files (x86)\NVIDIA Corporation\PhysX\Common;C:\Program Files (x86)\Yarn\bin\;C:\Program Files (x86)\Intel\Intel(R) Management Engine Components\DAL;C:\Program Files\Intel\Intel(R) Management Engine Components\DAL;E:\ProgramsFiles\python\Scripts\;E:\ProgramsFiles\python\;C:\Users\G7\AppData\Local\Microsoft\WindowsApps;C:\Users\G7\AppData\Roaming\Composer\vendor\bin;E:\ProgramsFiles\Microsoft VS Code\bin;C:\Users\G7\AppData\Roaming\npm;C:\Users\G7\AppData\Local\Yarn\bin;C:\Program Files\JetBrains\WebStorm 2019.1.2\bin;C:\Users\G7\AppData\Local\GitHubDesktop\bin;."/>
    <property name="java.specification.name" value="Java Platform API Specification"/>
    <property name="java.class.version" value="52.0"/>
    <property name="sun.management.compiler" value="HotSpot 64-Bit Tiered Compilers"/>
    <property name="os.version" value="10.0"/>
    <property name="user.home" value="C:\Users\G7"/>
    <property name="user.timezone" value="Asia/Dhaka"/>
    <property name="java.awt.printerjob" value="sun.awt.windows.WPrinterJob"/>
    <property name="java.specification.version" value="1.8"/>
    <property name="file.encoding" value="UTF-8"/>
    <property name="user.name" value="G7"/>
    <property name="java.class.path" value="C:\Program Files\NetBeans 8.2\java\maven\boot\plexus-classworlds-2.4.jar"/>
    <property name="java.vm.specification.version" value="1.8"/>
    <property name="sun.arch.data.model" value="64"/>
    <property name="java.home" value="C:\Program Files\Java\jdk1.8.0_102\jre"/>
    <property name="sun.java.command" value="org.codehaus.plexus.classworlds.launcher.Launcher -Dtest=com.donatedrop.profile_basic.Test_Dao_Profile_Basic_Impl -Dmaven.ext.class.path=C:\Program Files\NetBeans 8.2\java\maven-nblib\netbeans-eventspy.jar -Dfile.encoding=UTF-8 surefire:test"/>
    <property name="java.specification.vendor" value="Oracle Corporation"/>
    <property name="user.language" value="en"/>
    <property name="awt.toolkit" value="sun.awt.windows.WToolkit"/>
    <property name="java.vm.info" value="mixed mode"/>
    <property name="java.version" value="1.8.0_102"/>
    <property name="java.ext.dirs" value="C:\Program Files\Java\jdk1.8.0_102\jre\lib\ext;C:\WINDOWS\Sun\Java\lib\ext"/>
    <property name="sun.boot.class.path" value="C:\Program Files\Java\jdk1.8.0_102\jre\lib\resources.jar;C:\Program Files\Java\jdk1.8.0_102\jre\lib\rt.jar;C:\Program Files\Java\jdk1.8.0_102\jre\lib\sunrsasign.jar;C:\Program Files\Java\jdk1.8.0_102\jre\lib\jsse.jar;C:\Program Files\Java\jdk1.8.0_102\jre\lib\jce.jar;C:\Program Files\Java\jdk1.8.0_102\jre\lib\charsets.jar;C:\Program Files\Java\jdk1.8.0_102\jre\lib\jfr.jar;C:\Program Files\Java\jdk1.8.0_102\jre\classes"/>
    <property name="java.vendor" value="Oracle Corporation"/>
    <property name="maven.home" value="C:\Program Files\NetBeans 8.2\java\maven"/>
    <property name="file.separator" value="\"/>
    <property name="java.vendor.url.bug" value="http://bugreport.sun.com/bugreport/"/>
    <property name="sun.cpu.endian" value="little"/>
    <property name="sun.io.unicode.encoding" value="UnicodeLittle"/>
    <property name="sun.desktop" value="windows"/>
    <property name="sun.cpu.isalist" value="amd64"/>
  </properties>
  <testcase name="hello" classname="com.donatedrop.profile_basic.Test_Dao_Profile_Basic_Impl" time="0.019">
    <error message="Not supported yet." type="java.lang.UnsupportedOperationException">java.lang.UnsupportedOperationException: Not supported yet.
	at com.donatedrop.profile.Dao_Profile_Basic_Impl.save(Dao_Profile_Basic_Impl.java:10)
	at com.donatedrop.profile_basic.Test_Dao_Profile_Basic_Impl.hello(Test_Dao_Profile_Basic_Impl.java:58)
</error>
    <system-out><![CDATA[20:06:32.492 [main] DEBUG org.springframework.test.context.junit4.SpringJUnit4ClassRunner - SpringJUnit4ClassRunner constructor called with [class com.donatedrop.profile_basic.Test_Dao_Profile_Basic_Impl]
20:06:32.497 [main] DEBUG org.springframework.test.context.BootstrapUtils - Instantiating CacheAwareContextLoaderDelegate from class [org.springframework.test.context.cache.DefaultCacheAwareContextLoaderDelegate]
20:06:32.502 [main] DEBUG org.springframework.test.context.BootstrapUtils - Instantiating BootstrapContext using constructor [public org.springframework.test.context.support.DefaultBootstrapContext(java.lang.Class,org.springframework.test.context.CacheAwareContextLoaderDelegate)]
20:06:32.513 [main] DEBUG org.springframework.test.context.BootstrapUtils - Instantiating TestContextBootstrapper for test class [com.donatedrop.profile_basic.Test_Dao_Profile_Basic_Impl] from class [org.springframework.boot.test.context.SpringBootTestContextBootstrapper]
20:06:32.523 [main] INFO org.springframework.boot.test.context.SpringBootTestContextBootstrapper - Neither @ContextConfiguration nor @ContextHierarchy found for test class [com.donatedrop.profile_basic.Test_Dao_Profile_Basic_Impl], using SpringBootContextLoader
20:06:32.526 [main] DEBUG org.springframework.test.context.support.AbstractContextLoader - Did not detect default resource location for test class [com.donatedrop.profile_basic.Test_Dao_Profile_Basic_Impl]: class path resource [com/donatedrop/profile_basic/Test_Dao_Profile_Basic_Impl-context.xml] does not exist
20:06:32.526 [main] DEBUG org.springframework.test.context.support.AbstractContextLoader - Did not detect default resource location for test class [com.donatedrop.profile_basic.Test_Dao_Profile_Basic_Impl]: class path resource [com/donatedrop/profile_basic/Test_Dao_Profile_Basic_ImplContext.groovy] does not exist
20:06:32.526 [main] INFO org.springframework.test.context.support.AbstractContextLoader - Could not detect default resource locations for test class [com.donatedrop.profile_basic.Test_Dao_Profile_Basic_Impl]: no resource found for suffixes {-context.xml, Context.groovy}.
20:06:32.527 [main] INFO org.springframework.test.context.support.AnnotationConfigContextLoaderUtils - Could not detect default configuration classes for test class [com.donatedrop.profile_basic.Test_Dao_Profile_Basic_Impl]: Test_Dao_Profile_Basic_Impl does not declare any static, non-private, non-final, nested classes annotated with @Configuration.
20:06:32.556 [main] DEBUG org.springframework.test.context.support.ActiveProfilesUtils - Could not find an 'annotation declaring class' for annotation type [org.springframework.test.context.ActiveProfiles] and class [com.donatedrop.profile_basic.Test_Dao_Profile_Basic_Impl]
20:06:32.563 [main] DEBUG org.springframework.core.env.StandardEnvironment - Adding [systemProperties] PropertySource with lowest search precedence
20:06:32.563 [main] DEBUG org.springframework.core.env.StandardEnvironment - Adding [systemEnvironment] PropertySource with lowest search precedence
20:06:32.563 [main] DEBUG org.springframework.core.env.StandardEnvironment - Initialized StandardEnvironment with PropertySources [systemProperties,systemEnvironment]
20:06:32.571 [main] DEBUG org.springframework.core.io.support.PathMatchingResourcePatternResolver - Resolved classpath location [com/donatedrop/profile_basic/] to resources [URL [file:/E:/Drive_H/recover/NTFS_3/backUp/Documents/NetBeansProjects/drop/com.donatedrop/back_end/com.donatedrop/target/test-classes/com/donatedrop/profile_basic/]]
20:06:32.571 [main] DEBUG org.springframework.core.io.support.PathMatchingResourcePatternResolver - Looking for matching resources in directory tree [E:\Drive_H\recover\NTFS_3\backUp\Documents\NetBeansProjects\drop\com.donatedrop\back_end\com.donatedrop\target\test-classes\com\donatedrop\profile_basic]
20:06:32.571 [main] DEBUG org.springframework.core.io.support.PathMatchingResourcePatternResolver - Searching directory [E:\Drive_H\recover\NTFS_3\backUp\Documents\NetBeansProjects\drop\com.donatedrop\back_end\com.donatedrop\target\test-classes\com\donatedrop\profile_basic] for files matching pattern [E:/Drive_H/recover/NTFS_3/backUp/Documents/NetBeansProjects/drop/com.donatedrop/back_end/com.donatedrop/target/test-classes/com/donatedrop/profile_basic/*.class]
20:06:32.574 [main] DEBUG org.springframework.core.io.support.PathMatchingResourcePatternResolver - Resolved location pattern [classpath*:com/donatedrop/profile_basic/*.class] to resources [file [E:\Drive_H\recover\NTFS_3\backUp\Documents\NetBeansProjects\drop\com.donatedrop\back_end\com.donatedrop\target\test-classes\com\donatedrop\profile_basic\Test_Dao_Profile_Basic_Impl.class]]
20:06:32.585 [main] DEBUG org.springframework.core.io.support.PathMatchingResourcePatternResolver - Resolved classpath location [com/donatedrop/] to resources [URL [file:/E:/Drive_H/recover/NTFS_3/backUp/Documents/NetBeansProjects/drop/com.donatedrop/back_end/com.donatedrop/target/test-classes/com/donatedrop/], URL [file:/E:/Drive_H/recover/NTFS_3/backUp/Documents/NetBeansProjects/drop/com.donatedrop/back_end/com.donatedrop/target/classes/com/donatedrop/]]
20:06:32.585 [main] DEBUG org.springframework.core.io.support.PathMatchingResourcePatternResolver - Looking for matching resources in directory tree [E:\Drive_H\recover\NTFS_3\backUp\Documents\NetBeansProjects\drop\com.donatedrop\back_end\com.donatedrop\target\test-classes\com\donatedrop]
20:06:32.586 [main] DEBUG org.springframework.core.io.support.PathMatchingResourcePatternResolver - Searching directory [E:\Drive_H\recover\NTFS_3\backUp\Documents\NetBeansProjects\drop\com.donatedrop\back_end\com.donatedrop\target\test-classes\com\donatedrop] for files matching pattern [E:/Drive_H/recover/NTFS_3/backUp/Documents/NetBeansProjects/drop/com.donatedrop/back_end/com.donatedrop/target/test-classes/com/donatedrop/*.class]
20:06:32.586 [main] DEBUG org.springframework.core.io.support.PathMatchingResourcePatternResolver - Looking for matching resources in directory tree [E:\Drive_H\recover\NTFS_3\backUp\Documents\NetBeansProjects\drop\com.donatedrop\back_end\com.donatedrop\target\classes\com\donatedrop]
20:06:32.586 [main] DEBUG org.springframework.core.io.support.PathMatchingResourcePatternResolver - Searching directory [E:\Drive_H\recover\NTFS_3\backUp\Documents\NetBeansProjects\drop\com.donatedrop\back_end\com.donatedrop\target\classes\com\donatedrop] for files matching pattern [E:/Drive_H/recover/NTFS_3/backUp/Documents/NetBeansProjects/drop/com.donatedrop/back_end/com.donatedrop/target/classes/com/donatedrop/*.class]
20:06:32.587 [main] DEBUG org.springframework.core.io.support.PathMatchingResourcePatternResolver - Resolved location pattern [classpath*:com/donatedrop/*.class] to resources [file [E:\Drive_H\recover\NTFS_3\backUp\Documents\NetBeansProjects\drop\com.donatedrop\back_end\com.donatedrop\target\classes\com\donatedrop\DropDonate.class]]
20:06:32.609 [main] DEBUG org.springframework.context.annotation.ClassPathScanningCandidateComponentProvider - Identified candidate component class: file [E:\Drive_H\recover\NTFS_3\backUp\Documents\NetBeansProjects\drop\com.donatedrop\back_end\com.donatedrop\target\classes\com\donatedrop\DropDonate.class]
20:06:32.610 [main] INFO org.springframework.boot.test.context.SpringBootTestContextBootstrapper - Found @SpringBootConfiguration com.donatedrop.DropDonate for test class com.donatedrop.profile_basic.Test_Dao_Profile_Basic_Impl
20:06:32.613 [main] DEBUG org.springframework.boot.test.context.SpringBootTestContextBootstrapper - @TestExecutionListeners is not present for class [com.donatedrop.profile_basic.Test_Dao_Profile_Basic_Impl]: using defaults.
20:06:32.616 [main] INFO org.springframework.boot.test.context.SpringBootTestContextBootstrapper - Loaded default TestExecutionListener class names from location [META-INF/spring.factories]: [org.springframework.boot.test.autoconfigure.restdocs.RestDocsTestExecutionListener, org.springframework.boot.test.autoconfigure.web.client.MockRestServiceServerResetTestExecutionListener, org.springframework.boot.test.autoconfigure.web.servlet.MockMvcPrintOnlyOnFailureTestExecutionListener, org.springframework.boot.test.autoconfigure.web.servlet.WebDriverTestExecutionListener, org.springframework.test.context.web.ServletTestExecutionListener, org.springframework.test.context.support.DirtiesContextBeforeModesTestExecutionListener, org.springframework.test.context.support.DependencyInjectionTestExecutionListener, org.springframework.test.context.support.DirtiesContextTestExecutionListener, org.springframework.test.context.transaction.TransactionalTestExecutionListener, org.springframework.test.context.jdbc.SqlScriptsTestExecutionListener, org.springframework.boot.test.mock.mockito.MockitoTestExecutionListener, org.springframework.boot.test.mock.mockito.ResetMocksTestExecutionListener]
20:06:32.633 [main] INFO org.springframework.boot.test.context.SpringBootTestContextBootstrapper - Using TestExecutionListeners: [org.springframework.test.context.web.ServletTestExecutionListener@64d7f7e0, org.springframework.test.context.support.DirtiesContextBeforeModesTestExecutionListener@27c6e487, org.springframework.boot.test.autoconfigure.SpringBootDependencyInjectionTestExecutionListener@49070868, org.springframework.test.context.support.DirtiesContextTestExecutionListener@6385cb26, org.springframework.test.context.transaction.TransactionalTestExecutionListener@38364841, org.springframework.test.context.jdbc.SqlScriptsTestExecutionListener@28c4711c, org.springframework.boot.test.mock.mockito.MockitoTestExecutionListener@59717824, org.springframework.boot.test.mock.mockito.ResetMocksTestExecutionListener@146044d7, org.springframework.boot.test.autoconfigure.restdocs.RestDocsTestExecutionListener@1e9e725a, org.springframework.boot.test.autoconfigure.web.client.MockRestServiceServerResetTestExecutionListener@15d9bc04, org.springframework.boot.test.autoconfigure.web.servlet.MockMvcPrintOnlyOnFailureTestExecutionListener@473b46c3, org.springframework.boot.test.autoconfigure.web.servlet.WebDriverTestExecutionListener@516be40f]
20:06:32.635 [main] DEBUG org.springframework.test.annotation.ProfileValueUtils - Retrieved @ProfileValueSourceConfiguration [null] for test class [com.donatedrop.profile_basic.Test_Dao_Profile_Basic_Impl]
20:06:32.635 [main] DEBUG org.springframework.test.annotation.ProfileValueUtils - Retrieved ProfileValueSource type [class org.springframework.test.annotation.SystemProfileValueSource] for class [com.donatedrop.profile_basic.Test_Dao_Profile_Basic_Impl]
20:06:32.637 [main] DEBUG org.springframework.test.context.junit4.SpringJUnit4ClassRunner - SpringJUnit4ClassRunner constructor called with [class com.donatedrop.profile_basic.Test_Dao_Profile_Basic_Impl]
20:06:32.637 [main] DEBUG org.springframework.test.context.BootstrapUtils - Instantiating CacheAwareContextLoaderDelegate from class [org.springframework.test.context.cache.DefaultCacheAwareContextLoaderDelegate]
20:06:32.637 [main] DEBUG org.springframework.test.context.BootstrapUtils - Instantiating BootstrapContext using constructor [public org.springframework.test.context.support.DefaultBootstrapContext(java.lang.Class,org.springframework.test.context.CacheAwareContextLoaderDelegate)]
20:06:32.637 [main] DEBUG org.springframework.test.context.BootstrapUtils - Instantiating TestContextBootstrapper for test class [com.donatedrop.profile_basic.Test_Dao_Profile_Basic_Impl] from class [org.springframework.boot.test.context.SpringBootTestContextBootstrapper]
20:06:32.638 [main] INFO org.springframework.boot.test.context.SpringBootTestContextBootstrapper - Neither @ContextConfiguration nor @ContextHierarchy found for test class [com.donatedrop.profile_basic.Test_Dao_Profile_Basic_Impl], using SpringBootContextLoader
20:06:32.638 [main] DEBUG org.springframework.test.context.support.AbstractContextLoader - Did not detect default resource location for test class [com.donatedrop.profile_basic.Test_Dao_Profile_Basic_Impl]: class path resource [com/donatedrop/profile_basic/Test_Dao_Profile_Basic_Impl-context.xml] does not exist
20:06:32.638 [main] DEBUG org.springframework.test.context.support.AbstractContextLoader - Did not detect default resource location for test class [com.donatedrop.profile_basic.Test_Dao_Profile_Basic_Impl]: class path resource [com/donatedrop/profile_basic/Test_Dao_Profile_Basic_ImplContext.groovy] does not exist
20:06:32.638 [main] INFO org.springframework.test.context.support.AbstractContextLoader - Could not detect default resource locations for test class [com.donatedrop.profile_basic.Test_Dao_Profile_Basic_Impl]: no resource found for suffixes {-context.xml, Context.groovy}.
20:06:32.638 [main] INFO org.springframework.test.context.support.AnnotationConfigContextLoaderUtils - Could not detect default configuration classes for test class [com.donatedrop.profile_basic.Test_Dao_Profile_Basic_Impl]: Test_Dao_Profile_Basic_Impl does not declare any static, non-private, non-final, nested classes annotated with @Configuration.
20:06:32.641 [main] DEBUG org.springframework.test.context.support.ActiveProfilesUtils - Could not find an 'annotation declaring class' for annotation type [org.springframework.test.context.ActiveProfiles] and class [com.donatedrop.profile_basic.Test_Dao_Profile_Basic_Impl]
20:06:32.642 [main] DEBUG org.springframework.core.env.StandardEnvironment - Adding [systemProperties] PropertySource with lowest search precedence
20:06:32.642 [main] DEBUG org.springframework.core.env.StandardEnvironment - Adding [systemEnvironment] PropertySource with lowest search precedence
20:06:32.642 [main] DEBUG org.springframework.core.env.StandardEnvironment - Initialized StandardEnvironment with PropertySources [systemProperties,systemEnvironment]
20:06:32.642 [main] INFO org.springframework.boot.test.context.SpringBootTestContextBootstrapper - Found @SpringBootConfiguration com.donatedrop.DropDonate for test class com.donatedrop.profile_basic.Test_Dao_Profile_Basic_Impl
20:06:32.643 [main] DEBUG org.springframework.boot.test.context.SpringBootTestContextBootstrapper - @TestExecutionListeners is not present for class [com.donatedrop.profile_basic.Test_Dao_Profile_Basic_Impl]: using defaults.
20:06:32.645 [main] INFO org.springframework.boot.test.context.SpringBootTestContextBootstrapper - Loaded default TestExecutionListener class names from location [META-INF/spring.factories]: [org.springframework.boot.test.autoconfigure.restdocs.RestDocsTestExecutionListener, org.springframework.boot.test.autoconfigure.web.client.MockRestServiceServerResetTestExecutionListener, org.springframework.boot.test.autoconfigure.web.servlet.MockMvcPrintOnlyOnFailureTestExecutionListener, org.springframework.boot.test.autoconfigure.web.servlet.WebDriverTestExecutionListener, org.springframework.test.context.web.ServletTestExecutionListener, org.springframework.test.context.support.DirtiesContextBeforeModesTestExecutionListener, org.springframework.test.context.support.DependencyInjectionTestExecutionListener, org.springframework.test.context.support.DirtiesContextTestExecutionListener, org.springframework.test.context.transaction.TransactionalTestExecutionListener, org.springframework.test.context.jdbc.SqlScriptsTestExecutionListener, org.springframework.boot.test.mock.mockito.MockitoTestExecutionListener, org.springframework.boot.test.mock.mockito.ResetMocksTestExecutionListener]
20:06:32.647 [main] INFO org.springframework.boot.test.context.SpringBootTestContextBootstrapper - Using TestExecutionListeners: [org.springframework.test.context.web.ServletTestExecutionListener@29f69090, org.springframework.test.context.support.DirtiesContextBeforeModesTestExecutionListener@568bf312, org.springframework.boot.test.autoconfigure.SpringBootDependencyInjectionTestExecutionListener@ca263c2, org.springframework.test.context.support.DirtiesContextTestExecutionListener@589b3632, org.springframework.test.context.transaction.TransactionalTestExecutionListener@45f45fa1, org.springframework.test.context.jdbc.SqlScriptsTestExecutionListener@4c6e276e, org.springframework.boot.test.mock.mockito.MockitoTestExecutionListener@534df152, org.springframework.boot.test.mock.mockito.ResetMocksTestExecutionListener@52e677af, org.springframework.boot.test.autoconfigure.restdocs.RestDocsTestExecutionListener@35083305, org.springframework.boot.test.autoconfigure.web.client.MockRestServiceServerResetTestExecutionListener@8e0379d, org.springframework.boot.test.autoconfigure.web.servlet.MockMvcPrintOnlyOnFailureTestExecutionListener@341b80b2, org.springframework.boot.test.autoconfigure.web.servlet.WebDriverTestExecutionListener@55a1c291]
20:06:32.648 [main] DEBUG org.springframework.test.annotation.ProfileValueUtils - Retrieved @ProfileValueSourceConfiguration [null] for test class [com.donatedrop.profile_basic.Test_Dao_Profile_Basic_Impl]
20:06:32.648 [main] DEBUG org.springframework.test.annotation.ProfileValueUtils - Retrieved ProfileValueSource type [class org.springframework.test.annotation.SystemProfileValueSource] for class [com.donatedrop.profile_basic.Test_Dao_Profile_Basic_Impl]
20:06:32.648 [main] DEBUG org.springframework.test.annotation.ProfileValueUtils - Retrieved @ProfileValueSourceConfiguration [null] for test class [com.donatedrop.profile_basic.Test_Dao_Profile_Basic_Impl]
20:06:32.648 [main] DEBUG org.springframework.test.annotation.ProfileValueUtils - Retrieved ProfileValueSource type [class org.springframework.test.annotation.SystemProfileValueSource] for class [com.donatedrop.profile_basic.Test_Dao_Profile_Basic_Impl]
20:06:32.651 [main] DEBUG org.springframework.test.context.support.AbstractDirtiesContextTestExecutionListener - Before test class: context [DefaultTestContext@12d3a4e9 testClass = Test_Dao_Profile_Basic_Impl, testInstance = [null], testMethod = [null], testException = [null], mergedContextConfiguration = [WebMergedContextConfiguration@240237d2 testClass = Test_Dao_Profile_Basic_Impl, locations = '{}', classes = '{class com.donatedrop.DropDonate}', contextInitializerClasses = '[]', activeProfiles = '{}', propertySourceLocations = '{}', propertySourceProperties = '{org.springframework.boot.test.context.SpringBootTestContextBootstrapper=true}', contextCustomizers = set[org.springframework.boot.test.autoconfigure.properties.PropertyMappingContextCustomizer@0, org.springframework.boot.test.autoconfigure.web.servlet.WebDriverContextCustomizerFactory$Customizer@2758fe70, org.springframework.boot.test.context.SpringBootTestContextCustomizer@3cef309d, org.springframework.boot.test.context.filter.ExcludeFilterContextCustomizer@49fc609f, org.springframework.boot.test.mock.mockito.MockitoContextCustomizer@0], resourceBasePath = 'src/main/webapp', contextLoader = 'org.springframework.boot.test.context.SpringBootContextLoader', parent = [null]]], class annotated with @DirtiesContext [false] with mode [null].
20:06:32.652 [main] DEBUG org.springframework.test.annotation.ProfileValueUtils - Retrieved @ProfileValueSourceConfiguration [null] for test class [com.donatedrop.profile_basic.Test_Dao_Profile_Basic_Impl]
20:06:32.652 [main] DEBUG org.springframework.test.annotation.ProfileValueUtils - Retrieved ProfileValueSource type [class org.springframework.test.annotation.SystemProfileValueSource] for class [com.donatedrop.profile_basic.Test_Dao_Profile_Basic_Impl]
20:06:32.698 [main] DEBUG org.springframework.core.env.StandardEnvironment - Adding [systemProperties] PropertySource with lowest search precedence
20:06:32.699 [main] DEBUG org.springframework.core.env.StandardEnvironment - Adding [systemEnvironment] PropertySource with lowest search precedence
20:06:32.699 [main] DEBUG org.springframework.core.env.StandardEnvironment - Initialized StandardEnvironment with PropertySources [systemProperties,systemEnvironment]
20:06:32.699 [main] DEBUG org.springframework.test.context.support.TestPropertySourceUtils - Adding inlined properties to environment: {spring.jmx.enabled=false, org.springframework.boot.test.context.SpringBootTestContextBootstrapper=true, server.port=-1}
20:06:32.699 [main] DEBUG org.springframework.core.env.StandardEnvironment - Adding [Inlined Test Properties] PropertySource with highest search precedence

  .   ____          _            __ _ _
 /\\ / ___'_ __ _ _(_)_ __  __ _ \ \ \ \
( ( )\___ | '_ | '_| | '_ \/ _` | \ \ \ \
 \\/  ___)| |_)| | | | | || (_| |  ) ) ) )
  '  |____| .__|_| |_|_| |_\__, | / / / /
 =========|_|==============|___/=/_/_/_/
 :: Spring Boot ::        (v1.5.2.RELEASE)

2020-03-25 20:06:32.906  INFO 9684 --- [           main] c.d.p.Test_Dao_Profile_Basic_Impl        : Starting Test_Dao_Profile_Basic_Impl on DESKTOP-VC05DSS with PID 9684 (started by G7 in E:\Drive_H\recover\NTFS_3\backUp\Documents\NetBeansProjects\drop\com.donatedrop\back_end\com.donatedrop)
2020-03-25 20:06:32.908  INFO 9684 --- [           main] c.d.p.Test_Dao_Profile_Basic_Impl        : No active profile set, falling back to default profiles: default
2020-03-25 20:06:32.939  INFO 9684 --- [           main] o.s.w.c.s.GenericWebApplicationContext   : Refreshing org.springframework.web.context.support.GenericWebApplicationContext@4229bb3f: startup date [Wed Mar 25 20:06:32 BDT 2020]; root of context hierarchy
2020-03-25 20:06:33.500  INFO 9684 --- [           main] o.s.b.f.s.DefaultListableBeanFactory     : Overriding bean definition for bean 'passwordEncoder' with a different definition: replacing [Root bean: class [null]; scope=; abstract=false; lazyInit=false; autowireMode=3; dependencyCheck=0; autowireCandidate=true; primary=false; factoryBeanName=webSecurityConfig; factoryMethodName=passwordEncoder; initMethodName=null; destroyMethodName=(inferred); defined in class path resource [com/donatedrop/conf/WebSecurityConfig.class]] with [Root bean: class [null]; scope=; abstract=false; lazyInit=false; autowireMode=3; dependencyCheck=0; autowireCandidate=true; primary=false; factoryBeanName=dropDonate; factoryMethodName=passwordEncoder; initMethodName=null; destroyMethodName=(inferred); defined in com.donatedrop.DropDonate]
2020-03-25 20:06:33.911  INFO 9684 --- [           main] o.s.j.d.DriverManagerDataSource          : Loaded JDBC driver: com.mysql.jdbc.Driver
2020-03-25 20:06:33.915  INFO 9684 --- [           main] trationDelegate$BeanPostProcessorChecker : Bean 'dataSource' of type [org.springframework.jdbc.datasource.DriverManagerDataSource] is not eligible for getting processed by all BeanPostProcessors (for example: not eligible for auto-proxying)
2020-03-25 20:06:33.987  INFO 9684 --- [           main] j.LocalContainerEntityManagerFactoryBean : Building JPA container EntityManagerFactory for persistence unit 'default'
2020-03-25 20:06:34.001  INFO 9684 --- [           main] o.hibernate.jpa.internal.util.LogHelper  : HHH000204: Processing PersistenceUnitInfo [
	name: default
	...]
2020-03-25 20:06:34.060  INFO 9684 --- [           main] org.hibernate.Version                    : HHH000412: Hibernate Core {5.0.12.Final}
2020-03-25 20:06:34.062  INFO 9684 --- [           main] org.hibernate.cfg.Environment            : HHH000206: hibernate.properties not found
2020-03-25 20:06:34.063  INFO 9684 --- [           main] org.hibernate.cfg.Environment            : HHH000021: Bytecode provider name : javassist
2020-03-25 20:06:34.096  INFO 9684 --- [           main] o.hibernate.annotations.common.Version   : HCANN000001: Hibernate Commons Annotations {5.0.1.Final}
2020-03-25 20:06:34.336  INFO 9684 --- [           main] org.hibernate.dialect.Dialect            : HHH000400: Using dialect: org.hibernate.dialect.MySQL5Dialect
2020-03-25 20:06:35.126  INFO 9684 --- [           main] org.hibernate.tool.hbm2ddl.SchemaUpdate  : HHH000228: Running hbm2ddl schema update
2020-03-25 20:06:35.816  INFO 9684 --- [           main] o.h.h.i.QueryTranslatorFactoryInitiator  : HHH000397: Using ASTQueryTranslatorFactory
2020-03-25 20:06:35.981  INFO 9684 --- [           main] j.LocalContainerEntityManagerFactoryBean : Initialized JPA EntityManagerFactory for persistence unit 'default'
2020-03-25 20:06:35.983  INFO 9684 --- [           main] trationDelegate$BeanPostProcessorChecker : Bean 'entityManagerFactory' of type [org.springframework.orm.jpa.LocalContainerEntityManagerFactoryBean] is not eligible for getting processed by all BeanPostProcessors (for example: not eligible for auto-proxying)
2020-03-25 20:06:35.984  INFO 9684 --- [           main] trationDelegate$BeanPostProcessorChecker : Bean 'databaseConfig' of type [com.donatedrop.util.DatabaseConfig$$EnhancerBySpringCGLIB$$17962af6] is not eligible for getting processed by all BeanPostProcessors (for example: not eligible for auto-proxying)
2020-03-25 20:06:36.018  INFO 9684 --- [           main] trationDelegate$BeanPostProcessorChecker : Bean 'org.springframework.transaction.annotation.ProxyTransactionManagementConfiguration' of type [org.springframework.transaction.annotation.ProxyTransactionManagementConfiguration$$EnhancerBySpringCGLIB$$b7d31eab] is not eligible for getting processed by all BeanPostProcessors (for example: not eligible for auto-proxying)
2020-03-25 20:06:36.049  INFO 9684 --- [           main] trationDelegate$BeanPostProcessorChecker : Bean 'org.springframework.security.config.annotation.configuration.ObjectPostProcessorConfiguration' of type [org.springframework.security.config.annotation.configuration.ObjectPostProcessorConfiguration$$EnhancerBySpringCGLIB$$5080e6e5] is not eligible for getting processed by all BeanPostProcessors (for example: not eligible for auto-proxying)
2020-03-25 20:06:36.057  INFO 9684 --- [           main] trationDelegate$BeanPostProcessorChecker : Bean 'objectPostProcessor' of type [org.springframework.security.config.annotation.configuration.AutowireBeanFactoryObjectPostProcessor] is not eligible for getting processed by all BeanPostProcessors (for example: not eligible for auto-proxying)
2020-03-25 20:06:36.058  INFO 9684 --- [           main] trationDelegate$BeanPostProcessorChecker : Bean 'org.springframework.security.access.expression.method.DefaultMethodSecurityExpressionHandler@597d48ca' of type [org.springframework.security.access.expression.method.DefaultMethodSecurityExpressionHandler] is not eligible for getting processed by all BeanPostProcessors (for example: not eligible for auto-proxying)
2020-03-25 20:06:36.062  INFO 9684 --- [           main] trationDelegate$BeanPostProcessorChecker : Bean 'org.springframework.security.config.annotation.method.configuration.GlobalMethodSecurityConfiguration' of type [org.springframework.security.config.annotation.method.configuration.GlobalMethodSecurityConfiguration$$EnhancerBySpringCGLIB$$75558997] is not eligible for getting processed by all BeanPostProcessors (for example: not eligible for auto-proxying)
2020-03-25 20:06:36.070  INFO 9684 --- [           main] trationDelegate$BeanPostProcessorChecker : Bean 'methodSecurityMetadataSource' of type [org.springframework.security.access.method.DelegatingMethodSecurityMetadataSource] is not eligible for getting processed by all BeanPostProcessors (for example: not eligible for auto-proxying)


--Pass : (+JGda2993+)
2020-03-25 20:06:36.979  INFO 9684 --- [           main] o.s.s.web.DefaultSecurityFilterChain     : Creating filter chain: org.springframework.security.web.util.matcher.AnyRequestMatcher@1, [org.springframework.security.web.context.request.async.WebAsyncManagerIntegrationFilter@54bb1194, org.springframework.security.web.context.SecurityContextPersistenceFilter@4eb63dc8, org.springframework.security.web.header.HeaderWriterFilter@5a48d186, org.springframework.security.web.authentication.logout.LogoutFilter@5d84e363, com.donatedrop.security.JwtAuthenticationTokenFilter@15f2a43f, org.springframework.security.web.savedrequest.RequestCacheAwareFilter@395281c2, org.springframework.security.web.servletapi.SecurityContextHolderAwareRequestFilter@70f4abc1, org.springframework.security.web.authentication.AnonymousAuthenticationFilter@1109730f, org.springframework.security.web.session.SessionManagementFilter@53dba9cd, org.springframework.security.web.access.ExceptionTranslationFilter@7adae08e, org.springframework.security.web.access.intercept.FilterSecurityInterceptor@194911c1]
2020-03-25 20:06:37.202  INFO 9684 --- [           main] s.w.s.m.m.a.RequestMappingHandlerAdapter : Looking for @ControllerAdvice: org.springframework.web.context.support.GenericWebApplicationContext@4229bb3f: startup date [Wed Mar 25 20:06:32 BDT 2020]; root of context hierarchy
2020-03-25 20:06:37.260  INFO 9684 --- [           main] s.w.s.m.m.a.RequestMappingHandlerMapping : Mapped "{[/user/create],methods=[POST]}" onto public void com.donatedrop.articles.Controller_Article.create()
2020-03-25 20:06:37.264  INFO 9684 --- [           main] s.w.s.m.m.a.RequestMappingHandlerMapping : Mapped "{[/test/test],methods=[GET]}" onto public java.lang.String com.donatedrop.articles.old.ArticleController.test()
2020-03-25 20:06:37.264  INFO 9684 --- [           main] s.w.s.m.m.a.RequestMappingHandlerMapping : Mapped "{[/test/article/{id}],methods=[DELETE]}" onto public org.springframework.http.ResponseEntity<java.lang.Void> com.donatedrop.articles.old.ArticleController.deleteArticle(java.lang.Integer)
2020-03-25 20:06:37.264  INFO 9684 --- [           main] s.w.s.m.m.a.RequestMappingHandlerMapping : Mapped "{[/test/article2],methods=[POST]}" onto public java.lang.String com.donatedrop.articles.old.ArticleController.addArticle2(com.donatedrop.articles.Articles,org.springframework.web.util.UriComponentsBuilder)
2020-03-25 20:06:37.265  INFO 9684 --- [           main] s.w.s.m.m.a.RequestMappingHandlerMapping : Mapped "{[/test/articles],methods=[GET]}" onto public org.springframework.http.ResponseEntity<java.util.List<com.donatedrop.articles.Articles>> com.donatedrop.articles.old.ArticleController.getAllArticles()
2020-03-25 20:06:37.265  INFO 9684 --- [           main] s.w.s.m.m.a.RequestMappingHandlerMapping : Mapped "{[/test/article/{id}],methods=[GET]}" onto public org.springframework.http.ResponseEntity<com.donatedrop.articles.Articles> com.donatedrop.articles.old.ArticleController.getArticleById(java.lang.Integer)
2020-03-25 20:06:37.265  INFO 9684 --- [           main] s.w.s.m.m.a.RequestMappingHandlerMapping : Mapped "{[/test/article],methods=[POST]}" onto public org.springframework.http.ResponseEntity<java.lang.Void> com.donatedrop.articles.old.ArticleController.addArticle(com.donatedrop.articles.Articles,org.springframework.web.util.UriComponentsBuilder)
2020-03-25 20:06:37.265  INFO 9684 --- [           main] s.w.s.m.m.a.RequestMappingHandlerMapping : Mapped "{[/test/article],methods=[PUT]}" onto public org.springframework.http.ResponseEntity<com.donatedrop.articles.Articles> com.donatedrop.articles.old.ArticleController.updateArticle(com.donatedrop.articles.Articles)
2020-03-25 20:06:37.265  INFO 9684 --- [           main] s.w.s.m.m.a.RequestMappingHandlerMapping : Mapped "{[/refresh],methods=[GET]}" onto public org.springframework.http.ResponseEntity<?> com.donatedrop.controller.AuthenticationRestController.refreshAndGetAuthenticationToken(javax.servlet.http.HttpServletRequest)
2020-03-25 20:06:37.266  INFO 9684 --- [           main] s.w.s.m.m.a.RequestMappingHandlerMapping : Mapped "{[/auth],methods=[POST]}" onto public org.springframework.http.ResponseEntity<?> com.donatedrop.controller.AuthenticationRestController.createAuthenticationToken(com.donatedrop.security.JwtAuthenticationRequest,org.springframework.mobile.device.Device) throws org.springframework.security.core.AuthenticationException
2020-03-25 20:06:37.266  INFO 9684 --- [           main] s.w.s.m.m.a.RequestMappingHandlerMapping : Mapped "{[/protected],methods=[GET]}" onto public org.springframework.http.ResponseEntity<?> com.donatedrop.controller.MethodProtectedRestController.getProtectedGreeting()
2020-03-25 20:06:37.266  INFO 9684 --- [           main] s.w.s.m.m.a.RequestMappingHandlerMapping : Mapped "{[/register],methods=[POST]}" onto public com.donatedrop.model.User com.donatedrop.controller.UserManage.register(com.donatedrop.model.User)
2020-03-25 20:06:37.267  INFO 9684 --- [           main] s.w.s.m.m.a.RequestMappingHandlerMapping : Mapped "{[/test],methods=[GET]}" onto public java.lang.String com.donatedrop.controller.UserRestController.test()
2020-03-25 20:06:37.267  INFO 9684 --- [           main] s.w.s.m.m.a.RequestMappingHandlerMapping : Mapped "{[/userRegistration],methods=[POST]}" onto public java.lang.String com.donatedrop.controller.UserRestController.getAuthenticatedUserRegistration(javax.servlet.http.HttpServletRequest)
2020-03-25 20:06:37.267  INFO 9684 --- [           main] s.w.s.m.m.a.RequestMappingHandlerMapping : Mapped "{[/userName],methods=[GET]}" onto public java.lang.String com.donatedrop.controller.UserRestController.getAuthenticatedUserName(javax.servlet.http.HttpServletRequest,java.security.Principal)
2020-03-25 20:06:37.267  INFO 9684 --- [           main] s.w.s.m.m.a.RequestMappingHandlerMapping : Mapped "{[/user],methods=[GET]}" onto public com.donatedrop.security.JwtUser com.donatedrop.controller.UserRestController.getAuthenticatedUser(javax.servlet.http.HttpServletRequest)
2020-03-25 20:06:37.268  INFO 9684 --- [           main] s.w.s.m.m.a.RequestMappingHandlerMapping : Mapped "{[/test/mail/testm],methods=[POST]}" onto public java.lang.String com.donatedrop.mail.MailController.test(com.donatedrop.mail.GMail)
2020-03-25 20:06:37.268  INFO 9684 --- [           main] s.w.s.m.m.a.RequestMappingHandlerMapping : Mapped "{[/test/mail/verify],methods=[POST]}" onto public java.lang.String com.donatedrop.mail.MailController.test(java.lang.String)
2020-03-25 20:06:37.268  INFO 9684 --- [           main] s.w.s.m.m.a.RequestMappingHandlerMapping : Mapped "{[/test/mail/sendTemplate],methods=[POST]}" onto public java.lang.String com.donatedrop.mail.MailController.createMailWithTemplate(org.springframework.ui.Model,com.donatedrop.mail.MailObject,org.springframework.validation.Errors)
2020-03-25 20:06:37.268  INFO 9684 --- [           main] s.w.s.m.m.a.RequestMappingHandlerMapping : Mapped "{[/test/mail/sendAttachment],methods=[POST]}" onto public java.lang.String com.donatedrop.mail.MailController.createMailWithAttachment(org.springframework.ui.Model,com.donatedrop.mail.MailObject,org.springframework.validation.Errors)
2020-03-25 20:06:37.268  INFO 9684 --- [           main] s.w.s.m.m.a.RequestMappingHandlerMapping : Mapped "{[/test/mail],methods=[GET]}" onto public java.lang.String com.donatedrop.mail.MailController.showEmailsPage()
2020-03-25 20:06:37.269  INFO 9684 --- [           main] s.w.s.m.m.a.RequestMappingHandlerMapping : Mapped "{[/test/mail/send],methods=[POST]}" onto public java.lang.String com.donatedrop.mail.MailController.createMail(org.springframework.ui.Model,com.donatedrop.mail.MailObject,org.springframework.validation.Errors)
2020-03-25 20:06:37.269  INFO 9684 --- [           main] s.w.s.m.m.a.RequestMappingHandlerMapping : Mapped "{[/test/mail/send || /test/mail/sendTemplate || /test/mail/sendAttachment],methods=[GET]}" onto public java.lang.String com.donatedrop.mail.MailController.createMail(org.springframework.ui.Model,javax.servlet.http.HttpServletRequest)
2020-03-25 20:06:37.269  INFO 9684 --- [           main] s.w.s.m.m.a.RequestMappingHandlerMapping : Mapped "{[/create],methods=[POST]}" onto public com.donatedrop.model.User com.donatedrop.profile.Profile_Basic_Controller.register(com.donatedrop.model.User)
2020-03-25 20:06:37.269  INFO 9684 --- [           main] s.w.s.m.m.a.RequestMappingHandlerMapping : Mapped "{[/user_register_],methods=[GET]}" onto public java.lang.String com.donatedrop.security.newcontroller.UserRegistration.user_register()
2020-03-25 20:06:37.270  INFO 9684 --- [           main] s.w.s.m.m.a.RequestMappingHandlerMapping : Mapped "{[/error]}" onto public org.springframework.http.ResponseEntity<java.util.Map<java.lang.String, java.lang.Object>> org.springframework.boot.autoconfigure.web.BasicErrorController.error(javax.servlet.http.HttpServletRequest)
2020-03-25 20:06:37.270  INFO 9684 --- [           main] s.w.s.m.m.a.RequestMappingHandlerMapping : Mapped "{[/error],produces=[text/html]}" onto public org.springframework.web.servlet.ModelAndView org.springframework.boot.autoconfigure.web.BasicErrorController.errorHtml(javax.servlet.http.HttpServletRequest,javax.servlet.http.HttpServletResponse)
2020-03-25 20:06:37.305  INFO 9684 --- [           main] o.s.w.s.handler.SimpleUrlHandlerMapping  : Mapped URL path [/webjars/**] onto handler of type [class org.springframework.web.servlet.resource.ResourceHttpRequestHandler]
2020-03-25 20:06:37.305  INFO 9684 --- [           main] o.s.w.s.handler.SimpleUrlHandlerMapping  : Mapped URL path [/**] onto handler of type [class org.springframework.web.servlet.resource.ResourceHttpRequestHandler]
2020-03-25 20:06:37.344  INFO 9684 --- [           main] o.s.w.s.handler.SimpleUrlHandlerMapping  : Mapped URL path [/**/favicon.ico] onto handler of type [class org.springframework.web.servlet.resource.ResourceHttpRequestHandler]
2020-03-25 20:06:37.576  INFO 9684 --- [           main] c.d.p.Test_Dao_Profile_Basic_Impl        : Started Test_Dao_Profile_Basic_Impl in 4.869 seconds (JVM running for 5.384)

Profile Basic Dao Test!

]]></system-out>
  </testcase>
</testsuite>