<?xml version="1.0" encoding="UTF-8"?>
<testsuite name="com.donatedrop.profile_basic.Test_Dao_Profile_Basic_Impl" time="0.395" tests="13" errors="0" skipped="0" failures="2">
  <properties>
    <property name="java.runtime.name" value="Java(TM) SE Runtime Environment"/>
    <property name="sun.boot.library.path" value="C:\Program Files\Java\jdk1.8.0_102\jre\bin"/>
    <property name="java.vm.version" value="25.102-b14"/>
    <property name="java.vm.vendor" value="Oracle Corporation"/>
    <property name="java.vendor.url" value="http://java.oracle.com/"/>
    <property name="path.separator" value=";"/>
    <property name="guice.disable.misplaced.annotation.check" value="true"/>
    <property name="java.vm.name" value="Java HotSpot(TM) 64-Bit Server VM"/>
    <property name="file.encoding.pkg" value="sun.io"/>
    <property name="user.script" value=""/>
    <property name="user.country" value="US"/>
    <property name="sun.java.launcher" value="SUN_STANDARD"/>
    <property name="sun.os.patch.level" value=""/>
    <property name="test" value="com.donatedrop.profile_basic.Test_Dao_Profile_Basic_Impl"/>
    <property name="java.vm.specification.name" value="Java Virtual Machine Specification"/>
    <property name="user.dir" value="E:\Drive_H\recover\NTFS_3\backUp\Documents\NetBeansProjects\drop\com.donatedrop\back_end\com.donatedrop"/>
    <property name="java.runtime.version" value="1.8.0_102-b14"/>
    <property name="java.awt.graphicsenv" value="sun.awt.Win32GraphicsEnvironment"/>
    <property name="java.endorsed.dirs" value="C:\Program Files\Java\jdk1.8.0_102\jre\lib\endorsed"/>
    <property name="os.arch" value="amd64"/>
    <property name="java.io.tmpdir" value="C:\Users\G7\AppData\Local\Temp\"/>
    <property name="line.separator" value="&#10;"/>
    <property name="java.vm.specification.vendor" value="Oracle Corporation"/>
    <property name="user.variant" value=""/>
    <property name="os.name" value="Windows 10"/>
    <property name="maven.ext.class.path" value="C:\Program Files\NetBeans 8.2\java\maven-nblib\netbeans-eventspy.jar"/>
    <property name="classworlds.conf" value="C:\Program Files\NetBeans 8.2\java\maven\bin\m2.conf"/>
    <property name="sun.jnu.encoding" value="Cp1252"/>
    <property name="java.library.path" value="C:\Program Files\Java\jdk1.8.0_102\bin;C:\WINDOWS\Sun\Java\bin;C:\WINDOWS\system32;C:\WINDOWS;C:\ProgramData\Oracle\Java\javapath;C:\WINDOWS\system32;C:\WINDOWS;C:\WINDOWS\System32\Wbem;C:\WINDOWS\System32\WindowsPowerShell\v1.0\;E:\ProgramsFiles\xampp\php;C:\ProgramData\ComposerSetup\bin;C:\Program Files\nodejs\;C:\WINDOWS\System32\OpenSSH\;C:\Program Files\Git\cmd;E:\ProgramsFiles\apache-maven-3.6.3\bin;;C:\Program Files\NVIDIA Corporation\NVIDIA NvDLISR;C:\Program Files (x86)\NVIDIA Corporation\PhysX\Common;C:\Program Files (x86)\Yarn\bin\;C:\Program Files (x86)\Intel\Intel(R) Management Engine Components\DAL;C:\Program Files\Intel\Intel(R) Management Engine Components\DAL;E:\ProgramsFiles\python\Scripts\;E:\ProgramsFiles\python\;C:\Users\G7\AppData\Local\Microsoft\WindowsApps;C:\Users\G7\AppData\Roaming\Composer\vendor\bin;E:\ProgramsFiles\Microsoft VS Code\bin;C:\Users\G7\AppData\Roaming\npm;C:\Users\G7\AppData\Local\Yarn\bin;C:\Program Files\JetBrains\WebStorm 2019.1.2\bin;C:\Users\G7\AppData\Local\GitHubDesktop\bin;E:\ProgramsFiles\apache-maven-3.6.3\bin;;."/>
    <property name="java.specification.name" value="Java Platform API Specification"/>
    <property name="java.class.version" value="52.0"/>
    <property name="sun.management.compiler" value="HotSpot 64-Bit Tiered Compilers"/>
    <property name="os.version" value="10.0"/>
    <property name="user.home" value="C:\Users\G7"/>
    <property name="user.timezone" value="Asia/Dhaka"/>
    <property name="java.awt.printerjob" value="sun.awt.windows.WPrinterJob"/>
    <property name="java.specification.version" value="1.8"/>
    <property name="file.encoding" value="UTF-8"/>
    <property name="user.name" value="G7"/>
    <property name="java.class.path" value="C:\Program Files\NetBeans 8.2\java\maven\boot\plexus-classworlds-2.4.jar"/>
    <property name="java.vm.specification.version" value="1.8"/>
    <property name="sun.arch.data.model" value="64"/>
    <property name="java.home" value="C:\Program Files\Java\jdk1.8.0_102\jre"/>
    <property name="sun.java.command" value="org.codehaus.plexus.classworlds.launcher.Launcher -Dtest=com.donatedrop.profile_basic.Test_Dao_Profile_Basic_Impl -Dmaven.ext.class.path=C:\Program Files\NetBeans 8.2\java\maven-nblib\netbeans-eventspy.jar -Dfile.encoding=UTF-8 surefire:test"/>
    <property name="java.specification.vendor" value="Oracle Corporation"/>
    <property name="user.language" value="en"/>
    <property name="awt.toolkit" value="sun.awt.windows.WToolkit"/>
    <property name="java.vm.info" value="mixed mode"/>
    <property name="java.version" value="1.8.0_102"/>
    <property name="java.ext.dirs" value="C:\Program Files\Java\jdk1.8.0_102\jre\lib\ext;C:\WINDOWS\Sun\Java\lib\ext"/>
    <property name="sun.boot.class.path" value="C:\Program Files\Java\jdk1.8.0_102\jre\lib\resources.jar;C:\Program Files\Java\jdk1.8.0_102\jre\lib\rt.jar;C:\Program Files\Java\jdk1.8.0_102\jre\lib\sunrsasign.jar;C:\Program Files\Java\jdk1.8.0_102\jre\lib\jsse.jar;C:\Program Files\Java\jdk1.8.0_102\jre\lib\jce.jar;C:\Program Files\Java\jdk1.8.0_102\jre\lib\charsets.jar;C:\Program Files\Java\jdk1.8.0_102\jre\lib\jfr.jar;C:\Program Files\Java\jdk1.8.0_102\jre\classes"/>
    <property name="java.vendor" value="Oracle Corporation"/>
    <property name="maven.home" value="C:\Program Files\NetBeans 8.2\java\maven"/>
    <property name="file.separator" value="\"/>
    <property name="java.vendor.url.bug" value="http://bugreport.sun.com/bugreport/"/>
    <property name="sun.cpu.endian" value="little"/>
    <property name="sun.io.unicode.encoding" value="UnicodeLittle"/>
    <property name="sun.desktop" value="windows"/>
    <property name="sun.cpu.isalist" value="amd64"/>
  </properties>
  <testcase name="test10_addEmergencyContact" classname="com.donatedrop.profile_basic.Test_Dao_Profile_Basic_Impl" time="0.121"/>
  <testcase name="test11_updateEmergencyContact" classname="com.donatedrop.profile_basic.Test_Dao_Profile_Basic_Impl" time="0.023"/>
  <testcase name="test12_deleteEmergencyContact" classname="com.donatedrop.profile_basic.Test_Dao_Profile_Basic_Impl" time="0.012">
    <failure message="expected:&lt;[UNAUTHERIZED]&gt; but was:&lt;[NULL]&gt;" type="org.junit.ComparisonFailure"><![CDATA[org.junit.ComparisonFailure: expected:<[UNAUTHERIZED]> but was:<[NULL]>
	at org.junit.Assert.assertEquals(Assert.java:115)
	at org.junit.Assert.assertEquals(Assert.java:144)
	at com.donatedrop.profile_basic.Test_Dao_Profile_Basic_Impl.test12_deleteEmergencyContact(Test_Dao_Profile_Basic_Impl.java:348)
]]></failure>
    <system-out><![CDATA[2020-04-13 07:50:43.847 DEBUG 18052 --- [           main] org.hibernate.SQL                        : select emergencyc0_.id as id1_9_0_, emergencyc0_.address as address2_9_0_, emergencyc0_.mail as mail3_9_0_, emergencyc0_.name as name4_9_0_, emergencyc0_.phone as phone5_9_0_, emergencyc0_.emergency_contact as emergenc7_9_0_, emergencyc0_.relation as relation6_9_0_, profilebas1_.id as id1_16_1_, profilebas1_.address_permanent as address11_16_1_, profilebas1_.address_present as address12_16_1_, profilebas1_.available as availabl2_16_1_, profilebas1_.birth_date as birth_da3_16_1_, profilebas1_.blood_Group as blood_Gr4_16_1_, profilebas1_.care_of as care_of5_16_1_, profilebas1_.gender as gender6_16_1_, profilebas1_.marital_status as marital_7_16_1_, profilebas1_.name as name8_16_1_, profilebas1_.profession as professi9_16_1_, profilebas1_.user_id as user_id10_16_1_, address2_.id as id1_1_2_, address2_.district as district2_1_2_, address2_.division as division3_1_2_, address2_.street_address as street_a4_1_2_, address2_.union_ward as union_wa5_1_2_, address2_.upzilla as upzilla6_1_2_, address3_.id as id1_1_3_, address3_.district as district2_1_3_, address3_.division as division3_1_3_, address3_.street_address as street_a4_1_3_, address3_.union_ward as union_wa5_1_3_, address3_.upzilla as upzilla6_1_3_ from EmergencyContact emergencyc0_ left outer join ProfileBasic profilebas1_ on emergencyc0_.emergency_contact=profilebas1_.id left outer join Address address2_ on profilebas1_.address_permanent=address2_.id left outer join Address address3_ on profilebas1_.address_present=address3_.id where emergencyc0_.id=?
Hibernate: select emergencyc0_.id as id1_9_0_, emergencyc0_.address as address2_9_0_, emergencyc0_.mail as mail3_9_0_, emergencyc0_.name as name4_9_0_, emergencyc0_.phone as phone5_9_0_, emergencyc0_.emergency_contact as emergenc7_9_0_, emergencyc0_.relation as relation6_9_0_, profilebas1_.id as id1_16_1_, profilebas1_.address_permanent as address11_16_1_, profilebas1_.address_present as address12_16_1_, profilebas1_.available as availabl2_16_1_, profilebas1_.birth_date as birth_da3_16_1_, profilebas1_.blood_Group as blood_Gr4_16_1_, profilebas1_.care_of as care_of5_16_1_, profilebas1_.gender as gender6_16_1_, profilebas1_.marital_status as marital_7_16_1_, profilebas1_.name as name8_16_1_, profilebas1_.profession as professi9_16_1_, profilebas1_.user_id as user_id10_16_1_, address2_.id as id1_1_2_, address2_.district as district2_1_2_, address2_.division as division3_1_2_, address2_.street_address as street_a4_1_2_, address2_.union_ward as union_wa5_1_2_, address2_.upzilla as upzilla6_1_2_, address3_.id as id1_1_3_, address3_.district as district2_1_3_, address3_.division as division3_1_3_, address3_.street_address as street_a4_1_3_, address3_.union_ward as union_wa5_1_3_, address3_.upzilla as upzilla6_1_3_ from EmergencyContact emergencyc0_ left outer join ProfileBasic profilebas1_ on emergencyc0_.emergency_contact=profilebas1_.id left outer join Address address2_ on profilebas1_.address_permanent=address2_.id left outer join Address address3_ on profilebas1_.address_present=address3_.id where emergencyc0_.id=?
2020-04-13 07:50:43.848 TRACE 18052 --- [           main] o.h.type.descriptor.sql.BasicBinder      : binding parameter [1] as [BIGINT] - [313]


>>{STATUS=FAIL, ERROR=NULL}


]]></system-out>
  </testcase>
  <testcase name="test13_delete" classname="com.donatedrop.profile_basic.Test_Dao_Profile_Basic_Impl" time="0.033"/>
  <testcase name="test1_save" classname="com.donatedrop.profile_basic.Test_Dao_Profile_Basic_Impl" time="0.064"/>
  <testcase name="test2_basicExist" classname="com.donatedrop.profile_basic.Test_Dao_Profile_Basic_Impl" time="0.016"/>
  <testcase name="test3_findOne" classname="com.donatedrop.profile_basic.Test_Dao_Profile_Basic_Impl" time="0.006"/>
  <testcase name="test4_findOneByUser" classname="com.donatedrop.profile_basic.Test_Dao_Profile_Basic_Impl" time="0.013"/>
  <testcase name="test5_updateBasic" classname="com.donatedrop.profile_basic.Test_Dao_Profile_Basic_Impl" time="0.027"/>
  <testcase name="test6_presentAddressUpdate" classname="com.donatedrop.profile_basic.Test_Dao_Profile_Basic_Impl" time="0.019"/>
  <testcase name="test7_permanentAddressUpdate" classname="com.donatedrop.profile_basic.Test_Dao_Profile_Basic_Impl" time="0.019"/>
  <testcase name="test8_addPhoneNumber" classname="com.donatedrop.profile_basic.Test_Dao_Profile_Basic_Impl" time="0.035"/>
  <testcase name="test9_deletePhoneNumber" classname="com.donatedrop.profile_basic.Test_Dao_Profile_Basic_Impl" time="0.007">
    <failure message="expected:&lt;[OK]&gt; but was:&lt;[FAIL]&gt;" type="org.junit.ComparisonFailure"><![CDATA[org.junit.ComparisonFailure: expected:<[OK]> but was:<[FAIL]>
	at org.junit.Assert.assertEquals(Assert.java:115)
	at org.junit.Assert.assertEquals(Assert.java:144)
	at com.donatedrop.profile_basic.Test_Dao_Profile_Basic_Impl.test9_deletePhoneNumber(Test_Dao_Profile_Basic_Impl.java:289)
]]></failure>
    <system-out><![CDATA[2020-04-13 07:50:44.093 DEBUG 18052 --- [           main] org.hibernate.SQL                        : SELECT *FROM profilebasic WHERE user_id =12
Hibernate: SELECT *FROM profilebasic WHERE user_id =12


Test : Error in Getting Phone Number ID!


]]></system-out>
  </testcase>
</testsuite>