<?xml version="1.0" encoding="UTF-8"?>
<testsuite xmlns:xsi="http://www.w3.org/2001/XMLSchema-instance" xsi:noNamespaceSchemaLocation="https://maven.apache.org/surefire/maven-surefire-plugin/xsd/surefire-test-report.xsd" name="com.donatedrop.profile_basic.Test_Dao_Profile_Basic_Impl" time="0.257" tests="13" errors="1" skipped="0" failures="8">
  <properties/>
  <testcase name="test8_addPhoneNumber" classname="com.donatedrop.profile_basic.Test_Dao_Profile_Basic_Impl" time="0.021">
    <failure message="expected:&lt;[OK]&gt; but was:&lt;[FAIL]&gt;" type="org.junit.ComparisonFailure"><![CDATA[org.junit.ComparisonFailure: expected:<[OK]> but was:<[FAIL]>
	at com.donatedrop.profile_basic.Test_Dao_Profile_Basic_Impl.test8_addPhoneNumber(Test_Dao_Profile_Basic_Impl.java:245)
]]></failure>
    <system-out><![CDATA[2020-04-16 15:56:53.071 DEBUG 5928 --- [           main] org.hibernate.SQL                        : SELECT *FROM profilebasic WHERE user_id =13
Hibernate: SELECT *FROM profilebasic WHERE user_id =13


{STATUS=FAIL}


]]></system-out>
  </testcase>
  <testcase name="test6_presentAddressUpdate" classname="com.donatedrop.profile_basic.Test_Dao_Profile_Basic_Impl" time="0.006">
    <failure message="expected:&lt;[OK]&gt; but was:&lt;[FAIL]&gt;" type="org.junit.ComparisonFailure"><![CDATA[org.junit.ComparisonFailure: expected:<[OK]> but was:<[FAIL]>
	at com.donatedrop.profile_basic.Test_Dao_Profile_Basic_Impl.test6_presentAddressUpdate(Test_Dao_Profile_Basic_Impl.java:210)
]]></failure>
    <system-out><![CDATA[2020-04-16 15:56:53.081 DEBUG 5928 --- [           main] org.hibernate.SQL                        : SELECT *FROM profilebasic WHERE user_id =13
Hibernate: SELECT *FROM profilebasic WHERE user_id =13


{STATUS=FAIL}


]]></system-out>
  </testcase>
  <testcase name="test3_findOne" classname="com.donatedrop.profile_basic.Test_Dao_Profile_Basic_Impl" time="0.019">
    <error type="java.lang.NullPointerException">java.lang.NullPointerException
	at com.donatedrop.profile_basic.Test_Dao_Profile_Basic_Impl.test3_findOne(Test_Dao_Profile_Basic_Impl.java:143)
</error>
    <system-out><![CDATA[2020-04-16 15:56:53.095 DEBUG 5928 --- [           main] org.hibernate.SQL                        : select profilebas0_.id as id1_16_0_, profilebas0_.address_permanent as address11_16_0_, profilebas0_.address_present as address12_16_0_, profilebas0_.available as availabl2_16_0_, profilebas0_.birth_date as birth_da3_16_0_, profilebas0_.blood_Group as blood_Gr4_16_0_, profilebas0_.care_of as care_of5_16_0_, profilebas0_.gender as gender6_16_0_, profilebas0_.marital_status as marital_7_16_0_, profilebas0_.name as name8_16_0_, profilebas0_.profession as professi9_16_0_, profilebas0_.user_id as user_id10_16_0_, address1_.id as id1_1_1_, address1_.district as district2_1_1_, address1_.division as division3_1_1_, address1_.street_address as street_a4_1_1_, address1_.union_ward as union_wa5_1_1_, address1_.upzilla as upzilla6_1_1_, address2_.id as id1_1_2_, address2_.district as district2_1_2_, address2_.division as division3_1_2_, address2_.street_address as street_a4_1_2_, address2_.union_ward as union_wa5_1_2_, address2_.upzilla as upzilla6_1_2_ from ProfileBasic profilebas0_ left outer join Address address1_ on profilebas0_.address_permanent=address1_.id left outer join Address address2_ on profilebas0_.address_present=address2_.id where profilebas0_.id=?
Hibernate: select profilebas0_.id as id1_16_0_, profilebas0_.address_permanent as address11_16_0_, profilebas0_.address_present as address12_16_0_, profilebas0_.available as availabl2_16_0_, profilebas0_.birth_date as birth_da3_16_0_, profilebas0_.blood_Group as blood_Gr4_16_0_, profilebas0_.care_of as care_of5_16_0_, profilebas0_.gender as gender6_16_0_, profilebas0_.marital_status as marital_7_16_0_, profilebas0_.name as name8_16_0_, profilebas0_.profession as professi9_16_0_, profilebas0_.user_id as user_id10_16_0_, address1_.id as id1_1_1_, address1_.district as district2_1_1_, address1_.division as division3_1_1_, address1_.street_address as street_a4_1_1_, address1_.union_ward as union_wa5_1_1_, address1_.upzilla as upzilla6_1_1_, address2_.id as id1_1_2_, address2_.district as district2_1_2_, address2_.division as division3_1_2_, address2_.street_address as street_a4_1_2_, address2_.union_ward as union_wa5_1_2_, address2_.upzilla as upzilla6_1_2_ from ProfileBasic profilebas0_ left outer join Address address1_ on profilebas0_.address_permanent=address1_.id left outer join Address address2_ on profilebas0_.address_present=address2_.id where profilebas0_.id=?
2020-04-16 15:56:53.097 TRACE 5928 --- [           main] o.h.type.descriptor.sql.BasicBinder      : binding parameter [1] as [BIGINT] - [419]
]]></system-out>
  </testcase>
  <testcase name="test4_findOneByUser" classname="com.donatedrop.profile_basic.Test_Dao_Profile_Basic_Impl" time="0.007">
    <failure message="expected:&lt;N[OT_N]ULL&gt; but was:&lt;N[]ULL&gt;" type="org.junit.ComparisonFailure"><![CDATA[org.junit.ComparisonFailure: expected:<N[OT_N]ULL> but was:<N[]ULL>
	at com.donatedrop.profile_basic.Test_Dao_Profile_Basic_Impl.test4_findOneByUser(Test_Dao_Profile_Basic_Impl.java:156)
]]></failure>
    <system-out><![CDATA[2020-04-16 15:56:53.107 DEBUG 5928 --- [           main] org.hibernate.SQL                        : SELECT *FROM profilebasic WHERE user_id =13
Hibernate: SELECT *FROM profilebasic WHERE user_id =13

Test : 
null


]]></system-out>
  </testcase>
  <testcase name="test2_basicExist" classname="com.donatedrop.profile_basic.Test_Dao_Profile_Basic_Impl" time="0.009"/>
  <testcase name="test9_deletePhoneNumber" classname="com.donatedrop.profile_basic.Test_Dao_Profile_Basic_Impl" time="0.005">
    <failure message="expected:&lt;[OK]&gt; but was:&lt;[FAIL]&gt;" type="org.junit.ComparisonFailure"><![CDATA[org.junit.ComparisonFailure: expected:<[OK]> but was:<[FAIL]>
	at com.donatedrop.profile_basic.Test_Dao_Profile_Basic_Impl.test9_deletePhoneNumber(Test_Dao_Profile_Basic_Impl.java:290)
]]></failure>
    <system-out><![CDATA[2020-04-16 15:56:53.122 DEBUG 5928 --- [           main] org.hibernate.SQL                        : SELECT *FROM profilebasic WHERE user_id =13
Hibernate: SELECT *FROM profilebasic WHERE user_id =13


Test : Error in Getting Phone Number ID!


]]></system-out>
  </testcase>
  <testcase name="test7_permanentAddressUpdate" classname="com.donatedrop.profile_basic.Test_Dao_Profile_Basic_Impl" time="0.005">
    <failure message="expected:&lt;[OK]&gt; but was:&lt;[FAIL]&gt;" type="org.junit.ComparisonFailure"><![CDATA[org.junit.ComparisonFailure: expected:<[OK]> but was:<[FAIL]>
	at com.donatedrop.profile_basic.Test_Dao_Profile_Basic_Impl.test7_permanentAddressUpdate(Test_Dao_Profile_Basic_Impl.java:230)
]]></failure>
    <system-out><![CDATA[2020-04-16 15:56:53.128 DEBUG 5928 --- [           main] org.hibernate.SQL                        : SELECT *FROM profilebasic WHERE user_id =13
Hibernate: SELECT *FROM profilebasic WHERE user_id =13


{STATUS=FAIL}


]]></system-out>
  </testcase>
  <testcase name="test12_deleteEmergencyContact" classname="com.donatedrop.profile_basic.Test_Dao_Profile_Basic_Impl" time="0.01">
    <failure message="expected:&lt;[OK]&gt; but was:&lt;[FAIL]&gt;" type="org.junit.ComparisonFailure"><![CDATA[org.junit.ComparisonFailure: expected:<[OK]> but was:<[FAIL]>
	at com.donatedrop.profile_basic.Test_Dao_Profile_Basic_Impl.test12_deleteEmergencyContact(Test_Dao_Profile_Basic_Impl.java:356)
]]></failure>
    <system-out><![CDATA[2020-04-16 15:56:53.133 DEBUG 5928 --- [           main] org.hibernate.SQL                        : select emergencyc0_.id as id1_7_0_, emergencyc0_.address as address2_7_0_, emergencyc0_.mail as mail3_7_0_, emergencyc0_.name as name4_7_0_, emergencyc0_.phone as phone5_7_0_, emergencyc0_.emergency_contact as emergenc7_7_0_, emergencyc0_.relation as relation6_7_0_, profilebas1_.id as id1_16_1_, profilebas1_.address_permanent as address11_16_1_, profilebas1_.address_present as address12_16_1_, profilebas1_.available as availabl2_16_1_, profilebas1_.birth_date as birth_da3_16_1_, profilebas1_.blood_Group as blood_Gr4_16_1_, profilebas1_.care_of as care_of5_16_1_, profilebas1_.gender as gender6_16_1_, profilebas1_.marital_status as marital_7_16_1_, profilebas1_.name as name8_16_1_, profilebas1_.profession as professi9_16_1_, profilebas1_.user_id as user_id10_16_1_, address2_.id as id1_1_2_, address2_.district as district2_1_2_, address2_.division as division3_1_2_, address2_.street_address as street_a4_1_2_, address2_.union_ward as union_wa5_1_2_, address2_.upzilla as upzilla6_1_2_, address3_.id as id1_1_3_, address3_.district as district2_1_3_, address3_.division as division3_1_3_, address3_.street_address as street_a4_1_3_, address3_.union_ward as union_wa5_1_3_, address3_.upzilla as upzilla6_1_3_ from EmergencyContact emergencyc0_ left outer join ProfileBasic profilebas1_ on emergencyc0_.emergency_contact=profilebas1_.id left outer join Address address2_ on profilebas1_.address_permanent=address2_.id left outer join Address address3_ on profilebas1_.address_present=address3_.id where emergencyc0_.id=?
Hibernate: select emergencyc0_.id as id1_7_0_, emergencyc0_.address as address2_7_0_, emergencyc0_.mail as mail3_7_0_, emergencyc0_.name as name4_7_0_, emergencyc0_.phone as phone5_7_0_, emergencyc0_.emergency_contact as emergenc7_7_0_, emergencyc0_.relation as relation6_7_0_, profilebas1_.id as id1_16_1_, profilebas1_.address_permanent as address11_16_1_, profilebas1_.address_present as address12_16_1_, profilebas1_.available as availabl2_16_1_, profilebas1_.birth_date as birth_da3_16_1_, profilebas1_.blood_Group as blood_Gr4_16_1_, profilebas1_.care_of as care_of5_16_1_, profilebas1_.gender as gender6_16_1_, profilebas1_.marital_status as marital_7_16_1_, profilebas1_.name as name8_16_1_, profilebas1_.profession as professi9_16_1_, profilebas1_.user_id as user_id10_16_1_, address2_.id as id1_1_2_, address2_.district as district2_1_2_, address2_.division as division3_1_2_, address2_.street_address as street_a4_1_2_, address2_.union_ward as union_wa5_1_2_, address2_.upzilla as upzilla6_1_2_, address3_.id as id1_1_3_, address3_.district as district2_1_3_, address3_.division as division3_1_3_, address3_.street_address as street_a4_1_3_, address3_.union_ward as union_wa5_1_3_, address3_.upzilla as upzilla6_1_3_ from EmergencyContact emergencyc0_ left outer join ProfileBasic profilebas1_ on emergencyc0_.emergency_contact=profilebas1_.id left outer join Address address2_ on profilebas1_.address_permanent=address2_.id left outer join Address address3_ on profilebas1_.address_present=address3_.id where emergencyc0_.id=?
2020-04-16 15:56:53.133 TRACE 5928 --- [           main] o.h.type.descriptor.sql.BasicBinder      : binding parameter [1] as [BIGINT] - [313]


>>{STATUS=FAIL, ERROR=NULL}


2020-04-16 15:56:53.137 DEBUG 5928 --- [           main] org.hibernate.SQL                        : select emergencyc0_.id as id1_7_0_, emergencyc0_.address as address2_7_0_, emergencyc0_.mail as mail3_7_0_, emergencyc0_.name as name4_7_0_, emergencyc0_.phone as phone5_7_0_, emergencyc0_.emergency_contact as emergenc7_7_0_, emergencyc0_.relation as relation6_7_0_, profilebas1_.id as id1_16_1_, profilebas1_.address_permanent as address11_16_1_, profilebas1_.address_present as address12_16_1_, profilebas1_.available as availabl2_16_1_, profilebas1_.birth_date as birth_da3_16_1_, profilebas1_.blood_Group as blood_Gr4_16_1_, profilebas1_.care_of as care_of5_16_1_, profilebas1_.gender as gender6_16_1_, profilebas1_.marital_status as marital_7_16_1_, profilebas1_.name as name8_16_1_, profilebas1_.profession as professi9_16_1_, profilebas1_.user_id as user_id10_16_1_, address2_.id as id1_1_2_, address2_.district as district2_1_2_, address2_.division as division3_1_2_, address2_.street_address as street_a4_1_2_, address2_.union_ward as union_wa5_1_2_, address2_.upzilla as upzilla6_1_2_, address3_.id as id1_1_3_, address3_.district as district2_1_3_, address3_.division as division3_1_3_, address3_.street_address as street_a4_1_3_, address3_.union_ward as union_wa5_1_3_, address3_.upzilla as upzilla6_1_3_ from EmergencyContact emergencyc0_ left outer join ProfileBasic profilebas1_ on emergencyc0_.emergency_contact=profilebas1_.id left outer join Address address2_ on profilebas1_.address_permanent=address2_.id left outer join Address address3_ on profilebas1_.address_present=address3_.id where emergencyc0_.id=?
Hibernate: select emergencyc0_.id as id1_7_0_, emergencyc0_.address as address2_7_0_, emergencyc0_.mail as mail3_7_0_, emergencyc0_.name as name4_7_0_, emergencyc0_.phone as phone5_7_0_, emergencyc0_.emergency_contact as emergenc7_7_0_, emergencyc0_.relation as relation6_7_0_, profilebas1_.id as id1_16_1_, profilebas1_.address_permanent as address11_16_1_, profilebas1_.address_present as address12_16_1_, profilebas1_.available as availabl2_16_1_, profilebas1_.birth_date as birth_da3_16_1_, profilebas1_.blood_Group as blood_Gr4_16_1_, profilebas1_.care_of as care_of5_16_1_, profilebas1_.gender as gender6_16_1_, profilebas1_.marital_status as marital_7_16_1_, profilebas1_.name as name8_16_1_, profilebas1_.profession as professi9_16_1_, profilebas1_.user_id as user_id10_16_1_, address2_.id as id1_1_2_, address2_.district as district2_1_2_, address2_.division as division3_1_2_, address2_.street_address as street_a4_1_2_, address2_.union_ward as union_wa5_1_2_, address2_.upzilla as upzilla6_1_2_, address3_.id as id1_1_3_, address3_.district as district2_1_3_, address3_.division as division3_1_3_, address3_.street_address as street_a4_1_3_, address3_.union_ward as union_wa5_1_3_, address3_.upzilla as upzilla6_1_3_ from EmergencyContact emergencyc0_ left outer join ProfileBasic profilebas1_ on emergencyc0_.emergency_contact=profilebas1_.id left outer join Address address2_ on profilebas1_.address_permanent=address2_.id left outer join Address address3_ on profilebas1_.address_present=address3_.id where emergencyc0_.id=?
2020-04-16 15:56:53.138 TRACE 5928 --- [           main] o.h.type.descriptor.sql.BasicBinder      : binding parameter [1] as [BIGINT] - [313]


>>{STATUS=FAIL, ERROR=NULL}


]]></system-out>
  </testcase>
  <testcase name="test11_updateEmergencyContact" classname="com.donatedrop.profile_basic.Test_Dao_Profile_Basic_Impl" time="0.006">
    <failure message="expected:&lt;[UNAUTHERIZED]&gt; but was:&lt;[NULL]&gt;" type="org.junit.ComparisonFailure"><![CDATA[org.junit.ComparisonFailure: expected:<[UNAUTHERIZED]> but was:<[NULL]>
	at com.donatedrop.profile_basic.Test_Dao_Profile_Basic_Impl.test11_updateEmergencyContact(Test_Dao_Profile_Basic_Impl.java:329)
]]></failure>
    <system-out><![CDATA[2020-04-16 15:56:53.144 DEBUG 5928 --- [           main] org.hibernate.SQL                        : select emergencyc0_.id as id1_7_0_, emergencyc0_.address as address2_7_0_, emergencyc0_.mail as mail3_7_0_, emergencyc0_.name as name4_7_0_, emergencyc0_.phone as phone5_7_0_, emergencyc0_.emergency_contact as emergenc7_7_0_, emergencyc0_.relation as relation6_7_0_, profilebas1_.id as id1_16_1_, profilebas1_.address_permanent as address11_16_1_, profilebas1_.address_present as address12_16_1_, profilebas1_.available as availabl2_16_1_, profilebas1_.birth_date as birth_da3_16_1_, profilebas1_.blood_Group as blood_Gr4_16_1_, profilebas1_.care_of as care_of5_16_1_, profilebas1_.gender as gender6_16_1_, profilebas1_.marital_status as marital_7_16_1_, profilebas1_.name as name8_16_1_, profilebas1_.profession as professi9_16_1_, profilebas1_.user_id as user_id10_16_1_, address2_.id as id1_1_2_, address2_.district as district2_1_2_, address2_.division as division3_1_2_, address2_.street_address as street_a4_1_2_, address2_.union_ward as union_wa5_1_2_, address2_.upzilla as upzilla6_1_2_, address3_.id as id1_1_3_, address3_.district as district2_1_3_, address3_.division as division3_1_3_, address3_.street_address as street_a4_1_3_, address3_.union_ward as union_wa5_1_3_, address3_.upzilla as upzilla6_1_3_ from EmergencyContact emergencyc0_ left outer join ProfileBasic profilebas1_ on emergencyc0_.emergency_contact=profilebas1_.id left outer join Address address2_ on profilebas1_.address_permanent=address2_.id left outer join Address address3_ on profilebas1_.address_present=address3_.id where emergencyc0_.id=?
Hibernate: select emergencyc0_.id as id1_7_0_, emergencyc0_.address as address2_7_0_, emergencyc0_.mail as mail3_7_0_, emergencyc0_.name as name4_7_0_, emergencyc0_.phone as phone5_7_0_, emergencyc0_.emergency_contact as emergenc7_7_0_, emergencyc0_.relation as relation6_7_0_, profilebas1_.id as id1_16_1_, profilebas1_.address_permanent as address11_16_1_, profilebas1_.address_present as address12_16_1_, profilebas1_.available as availabl2_16_1_, profilebas1_.birth_date as birth_da3_16_1_, profilebas1_.blood_Group as blood_Gr4_16_1_, profilebas1_.care_of as care_of5_16_1_, profilebas1_.gender as gender6_16_1_, profilebas1_.marital_status as marital_7_16_1_, profilebas1_.name as name8_16_1_, profilebas1_.profession as professi9_16_1_, profilebas1_.user_id as user_id10_16_1_, address2_.id as id1_1_2_, address2_.district as district2_1_2_, address2_.division as division3_1_2_, address2_.street_address as street_a4_1_2_, address2_.union_ward as union_wa5_1_2_, address2_.upzilla as upzilla6_1_2_, address3_.id as id1_1_3_, address3_.district as district2_1_3_, address3_.division as division3_1_3_, address3_.street_address as street_a4_1_3_, address3_.union_ward as union_wa5_1_3_, address3_.upzilla as upzilla6_1_3_ from EmergencyContact emergencyc0_ left outer join ProfileBasic profilebas1_ on emergencyc0_.emergency_contact=profilebas1_.id left outer join Address address2_ on profilebas1_.address_permanent=address2_.id left outer join Address address3_ on profilebas1_.address_present=address3_.id where emergencyc0_.id=?
2020-04-16 15:56:53.145 TRACE 5928 --- [           main] o.h.type.descriptor.sql.BasicBinder      : binding parameter [1] as [BIGINT] - [312]


>>{STATUS=FAIL, ERROR=NULL}


]]></system-out>
  </testcase>
  <testcase name="test13_delete" classname="com.donatedrop.profile_basic.Test_Dao_Profile_Basic_Impl" time="0.005">
    <failure message="expected:&lt;[OK]&gt; but was:&lt;[FAIL]&gt;" type="org.junit.ComparisonFailure"><![CDATA[org.junit.ComparisonFailure: expected:<[OK]> but was:<[FAIL]>
	at com.donatedrop.profile_basic.Test_Dao_Profile_Basic_Impl.test13_delete(Test_Dao_Profile_Basic_Impl.java:369)
]]></failure>
    <system-out><![CDATA[DAO Delete: 
2020-04-16 15:56:53.151 DEBUG 5928 --- [           main] org.hibernate.SQL                        : select profilebas0_.id as id1_16_0_, profilebas0_.address_permanent as address11_16_0_, profilebas0_.address_present as address12_16_0_, profilebas0_.available as availabl2_16_0_, profilebas0_.birth_date as birth_da3_16_0_, profilebas0_.blood_Group as blood_Gr4_16_0_, profilebas0_.care_of as care_of5_16_0_, profilebas0_.gender as gender6_16_0_, profilebas0_.marital_status as marital_7_16_0_, profilebas0_.name as name8_16_0_, profilebas0_.profession as professi9_16_0_, profilebas0_.user_id as user_id10_16_0_, address1_.id as id1_1_1_, address1_.district as district2_1_1_, address1_.division as division3_1_1_, address1_.street_address as street_a4_1_1_, address1_.union_ward as union_wa5_1_1_, address1_.upzilla as upzilla6_1_1_, address2_.id as id1_1_2_, address2_.district as district2_1_2_, address2_.division as division3_1_2_, address2_.street_address as street_a4_1_2_, address2_.union_ward as union_wa5_1_2_, address2_.upzilla as upzilla6_1_2_ from ProfileBasic profilebas0_ left outer join Address address1_ on profilebas0_.address_permanent=address1_.id left outer join Address address2_ on profilebas0_.address_present=address2_.id where profilebas0_.id=?
Hibernate: select profilebas0_.id as id1_16_0_, profilebas0_.address_permanent as address11_16_0_, profilebas0_.address_present as address12_16_0_, profilebas0_.available as availabl2_16_0_, profilebas0_.birth_date as birth_da3_16_0_, profilebas0_.blood_Group as blood_Gr4_16_0_, profilebas0_.care_of as care_of5_16_0_, profilebas0_.gender as gender6_16_0_, profilebas0_.marital_status as marital_7_16_0_, profilebas0_.name as name8_16_0_, profilebas0_.profession as professi9_16_0_, profilebas0_.user_id as user_id10_16_0_, address1_.id as id1_1_1_, address1_.district as district2_1_1_, address1_.division as division3_1_1_, address1_.street_address as street_a4_1_1_, address1_.union_ward as union_wa5_1_1_, address1_.upzilla as upzilla6_1_1_, address2_.id as id1_1_2_, address2_.district as district2_1_2_, address2_.division as division3_1_2_, address2_.street_address as street_a4_1_2_, address2_.union_ward as union_wa5_1_2_, address2_.upzilla as upzilla6_1_2_ from ProfileBasic profilebas0_ left outer join Address address1_ on profilebas0_.address_permanent=address1_.id left outer join Address address2_ on profilebas0_.address_present=address2_.id where profilebas0_.id=?
2020-04-16 15:56:53.151 TRACE 5928 --- [           main] o.h.type.descriptor.sql.BasicBinder      : binding parameter [1] as [BIGINT] - [419]
No entity found!


response (test) : {STATUS=FAIL}


]]></system-out>
  </testcase>
  <testcase name="test1_save" classname="com.donatedrop.profile_basic.Test_Dao_Profile_Basic_Impl" time="0.108"/>
  <testcase name="test10_addEmergencyContact" classname="com.donatedrop.profile_basic.Test_Dao_Profile_Basic_Impl" time="0.017"/>
  <testcase name="test5_updateBasic" classname="com.donatedrop.profile_basic.Test_Dao_Profile_Basic_Impl" time="0.032"/>
</testsuite>