<?xml version="1.0" encoding="UTF-8"?>
<testsuite name="com.donatedrop.grocode.Test_GEO_Code" time="0.019" tests="1" errors="1" skipped="0" failures="0">
  <properties>
    <property name="java.runtime.name" value="Java(TM) SE Runtime Environment"/>
    <property name="sun.boot.library.path" value="C:\Program Files\Java\jdk1.8.0_102\jre\bin"/>
    <property name="java.vm.version" value="25.102-b14"/>
    <property name="java.vm.vendor" value="Oracle Corporation"/>
    <property name="java.vendor.url" value="http://java.oracle.com/"/>
    <property name="path.separator" value=";"/>
    <property name="guice.disable.misplaced.annotation.check" value="true"/>
    <property name="java.vm.name" value="Java HotSpot(TM) 64-Bit Server VM"/>
    <property name="file.encoding.pkg" value="sun.io"/>
    <property name="user.script" value=""/>
    <property name="user.country" value="US"/>
    <property name="sun.java.launcher" value="SUN_STANDARD"/>
    <property name="sun.os.patch.level" value=""/>
    <property name="test" value="com.donatedrop.grocode.Test_GEO_Code"/>
    <property name="java.vm.specification.name" value="Java Virtual Machine Specification"/>
    <property name="user.dir" value="E:\Drive_H\recover\NTFS_3\backUp\Documents\NetBeansProjects\drop\com.donatedrop\back_end\com.donatedrop"/>
    <property name="java.runtime.version" value="1.8.0_102-b14"/>
    <property name="java.awt.graphicsenv" value="sun.awt.Win32GraphicsEnvironment"/>
    <property name="java.endorsed.dirs" value="C:\Program Files\Java\jdk1.8.0_102\jre\lib\endorsed"/>
    <property name="os.arch" value="amd64"/>
    <property name="java.io.tmpdir" value="C:\Users\G7\AppData\Local\Temp\"/>
    <property name="line.separator" value="&#10;"/>
    <property name="java.vm.specification.vendor" value="Oracle Corporation"/>
    <property name="user.variant" value=""/>
    <property name="os.name" value="Windows 10"/>
    <property name="maven.ext.class.path" value="C:\Program Files\NetBeans 8.2\java\maven-nblib\netbeans-eventspy.jar"/>
    <property name="classworlds.conf" value="C:\Program Files\NetBeans 8.2\java\maven\bin\m2.conf"/>
    <property name="sun.jnu.encoding" value="Cp1252"/>
    <property name="java.library.path" value="C:\Program Files\Java\jdk1.8.0_102\bin;C:\WINDOWS\Sun\Java\bin;C:\WINDOWS\system32;C:\WINDOWS;C:\ProgramData\Oracle\Java\javapath;C:\WINDOWS\system32;C:\WINDOWS;C:\WINDOWS\System32\Wbem;C:\WINDOWS\System32\WindowsPowerShell\v1.0\;E:\ProgramsFiles\xampp\php;C:\ProgramData\ComposerSetup\bin;C:\Program Files\nodejs\;C:\WINDOWS\System32\OpenSSH\;C:\Program Files\Git\cmd;E:\ProgramsFiles\apache-maven-3.6.3\bin;;C:\Program Files\NVIDIA Corporation\NVIDIA NvDLISR;C:\Program Files (x86)\NVIDIA Corporation\PhysX\Common;C:\Program Files (x86)\Yarn\bin\;C:\Program Files (x86)\Intel\Intel(R) Management Engine Components\DAL;C:\Program Files\Intel\Intel(R) Management Engine Components\DAL;E:\ProgramsFiles\python\Scripts\;E:\ProgramsFiles\python\;C:\Users\G7\AppData\Local\Microsoft\WindowsApps;C:\Users\G7\AppData\Roaming\Composer\vendor\bin;E:\ProgramsFiles\Microsoft VS Code\bin;C:\Users\G7\AppData\Roaming\npm;C:\Users\G7\AppData\Local\Yarn\bin;C:\Program Files\JetBrains\WebStorm 2019.1.2\bin;C:\Users\G7\AppData\Local\GitHubDesktop\bin;E:\ProgramsFiles\apache-maven-3.6.3\bin;;."/>
    <property name="java.specification.name" value="Java Platform API Specification"/>
    <property name="java.class.version" value="52.0"/>
    <property name="sun.management.compiler" value="HotSpot 64-Bit Tiered Compilers"/>
    <property name="os.version" value="10.0"/>
    <property name="user.home" value="C:\Users\G7"/>
    <property name="user.timezone" value="Asia/Dhaka"/>
    <property name="java.awt.printerjob" value="sun.awt.windows.WPrinterJob"/>
    <property name="java.specification.version" value="1.8"/>
    <property name="file.encoding" value="UTF-8"/>
    <property name="user.name" value="G7"/>
    <property name="java.class.path" value="C:\Program Files\NetBeans 8.2\java\maven\boot\plexus-classworlds-2.4.jar"/>
    <property name="java.vm.specification.version" value="1.8"/>
    <property name="sun.arch.data.model" value="64"/>
    <property name="java.home" value="C:\Program Files\Java\jdk1.8.0_102\jre"/>
    <property name="sun.java.command" value="org.codehaus.plexus.classworlds.launcher.Launcher -Dtest=com.donatedrop.grocode.Test_GEO_Code -Dmaven.ext.class.path=C:\Program Files\NetBeans 8.2\java\maven-nblib\netbeans-eventspy.jar -Dfile.encoding=UTF-8 surefire:test"/>
    <property name="java.specification.vendor" value="Oracle Corporation"/>
    <property name="user.language" value="en"/>
    <property name="awt.toolkit" value="sun.awt.windows.WToolkit"/>
    <property name="java.vm.info" value="mixed mode"/>
    <property name="java.version" value="1.8.0_102"/>
    <property name="java.ext.dirs" value="C:\Program Files\Java\jdk1.8.0_102\jre\lib\ext;C:\WINDOWS\Sun\Java\lib\ext"/>
    <property name="sun.boot.class.path" value="C:\Program Files\Java\jdk1.8.0_102\jre\lib\resources.jar;C:\Program Files\Java\jdk1.8.0_102\jre\lib\rt.jar;C:\Program Files\Java\jdk1.8.0_102\jre\lib\sunrsasign.jar;C:\Program Files\Java\jdk1.8.0_102\jre\lib\jsse.jar;C:\Program Files\Java\jdk1.8.0_102\jre\lib\jce.jar;C:\Program Files\Java\jdk1.8.0_102\jre\lib\charsets.jar;C:\Program Files\Java\jdk1.8.0_102\jre\lib\jfr.jar;C:\Program Files\Java\jdk1.8.0_102\jre\classes"/>
    <property name="java.vendor" value="Oracle Corporation"/>
    <property name="maven.home" value="C:\Program Files\NetBeans 8.2\java\maven"/>
    <property name="file.separator" value="\"/>
    <property name="java.vendor.url.bug" value="http://bugreport.sun.com/bugreport/"/>
    <property name="sun.cpu.endian" value="little"/>
    <property name="sun.io.unicode.encoding" value="UnicodeLittle"/>
    <property name="sun.desktop" value="windows"/>
    <property name="sun.cpu.isalist" value="amd64"/>
  </properties>
  <testcase name="test_GetDivisions" classname="com.donatedrop.grocode.Test_GEO_Code" time="0.019">
    <error message="Cannot create TypedQuery for query with more than one return using requested result type [com.donatedrop.geocode.DivisionsEngName]" type="java.lang.IllegalArgumentException">java.lang.IllegalArgumentException: Cannot create TypedQuery for query with more than one return using requested result type [com.donatedrop.geocode.DivisionsEngName]
	at org.hibernate.jpa.spi.AbstractEntityManagerImpl.resultClassChecking(AbstractEntityManagerImpl.java:361)
	at org.hibernate.jpa.spi.AbstractEntityManagerImpl.createNamedJpqlQuery(AbstractEntityManagerImpl.java:759)
	at org.hibernate.jpa.spi.AbstractEntityManagerImpl.buildQueryFromName(AbstractEntityManagerImpl.java:743)
	at org.hibernate.jpa.spi.AbstractEntityManagerImpl.createNamedQuery(AbstractEntityManagerImpl.java:890)
	at sun.reflect.NativeMethodAccessorImpl.invoke0(Native Method)
	at sun.reflect.NativeMethodAccessorImpl.invoke(NativeMethodAccessorImpl.java:62)
	at sun.reflect.DelegatingMethodAccessorImpl.invoke(DelegatingMethodAccessorImpl.java:43)
	at java.lang.reflect.Method.invoke(Method.java:498)
	at org.springframework.orm.jpa.ExtendedEntityManagerCreator$ExtendedEntityManagerInvocationHandler.invoke(ExtendedEntityManagerCreator.java:347)
	at com.sun.proxy.$Proxy106.createNamedQuery(Unknown Source)
	at sun.reflect.NativeMethodAccessorImpl.invoke0(Native Method)
	at sun.reflect.NativeMethodAccessorImpl.invoke(NativeMethodAccessorImpl.java:62)
	at sun.reflect.DelegatingMethodAccessorImpl.invoke(DelegatingMethodAccessorImpl.java:43)
	at java.lang.reflect.Method.invoke(Method.java:498)
	at org.springframework.orm.jpa.SharedEntityManagerCreator$SharedEntityManagerInvocationHandler.invoke(SharedEntityManagerCreator.java:298)
	at com.sun.proxy.$Proxy106.createNamedQuery(Unknown Source)
	at com.donatedrop.grocode.Test_GEO_Code.getDivisions(Test_GEO_Code.java:73)
	at com.donatedrop.grocode.Test_GEO_Code.test_GetDivisions(Test_GEO_Code.java:62)
</error>
    <system-out><![CDATA[07:11:33.861 [main] DEBUG org.springframework.test.context.junit4.SpringJUnit4ClassRunner - SpringJUnit4ClassRunner constructor called with [class com.donatedrop.grocode.Test_GEO_Code]
07:11:33.866 [main] DEBUG org.springframework.test.context.BootstrapUtils - Instantiating CacheAwareContextLoaderDelegate from class [org.springframework.test.context.cache.DefaultCacheAwareContextLoaderDelegate]
07:11:33.872 [main] DEBUG org.springframework.test.context.BootstrapUtils - Instantiating BootstrapContext using constructor [public org.springframework.test.context.support.DefaultBootstrapContext(java.lang.Class,org.springframework.test.context.CacheAwareContextLoaderDelegate)]
07:11:33.883 [main] DEBUG org.springframework.test.context.BootstrapUtils - Instantiating TestContextBootstrapper for test class [com.donatedrop.grocode.Test_GEO_Code] from class [org.springframework.boot.test.context.SpringBootTestContextBootstrapper]
07:11:33.893 [main] INFO org.springframework.boot.test.context.SpringBootTestContextBootstrapper - Neither @ContextConfiguration nor @ContextHierarchy found for test class [com.donatedrop.grocode.Test_GEO_Code], using SpringBootContextLoader
07:11:33.896 [main] DEBUG org.springframework.test.context.support.AbstractContextLoader - Did not detect default resource location for test class [com.donatedrop.grocode.Test_GEO_Code]: class path resource [com/donatedrop/grocode/Test_GEO_Code-context.xml] does not exist
07:11:33.896 [main] DEBUG org.springframework.test.context.support.AbstractContextLoader - Did not detect default resource location for test class [com.donatedrop.grocode.Test_GEO_Code]: class path resource [com/donatedrop/grocode/Test_GEO_CodeContext.groovy] does not exist
07:11:33.896 [main] INFO org.springframework.test.context.support.AbstractContextLoader - Could not detect default resource locations for test class [com.donatedrop.grocode.Test_GEO_Code]: no resource found for suffixes {-context.xml, Context.groovy}.
07:11:33.897 [main] INFO org.springframework.test.context.support.AnnotationConfigContextLoaderUtils - Could not detect default configuration classes for test class [com.donatedrop.grocode.Test_GEO_Code]: Test_GEO_Code does not declare any static, non-private, non-final, nested classes annotated with @Configuration.
07:11:33.926 [main] DEBUG org.springframework.test.context.support.ActiveProfilesUtils - Could not find an 'annotation declaring class' for annotation type [org.springframework.test.context.ActiveProfiles] and class [com.donatedrop.grocode.Test_GEO_Code]
07:11:33.933 [main] DEBUG org.springframework.core.env.StandardEnvironment - Adding [systemProperties] PropertySource with lowest search precedence
07:11:33.933 [main] DEBUG org.springframework.core.env.StandardEnvironment - Adding [systemEnvironment] PropertySource with lowest search precedence
07:11:33.933 [main] DEBUG org.springframework.core.env.StandardEnvironment - Initialized StandardEnvironment with PropertySources [systemProperties,systemEnvironment]
07:11:33.941 [main] DEBUG org.springframework.core.io.support.PathMatchingResourcePatternResolver - Resolved classpath location [com/donatedrop/grocode/] to resources [URL [file:/E:/Drive_H/recover/NTFS_3/backUp/Documents/NetBeansProjects/drop/com.donatedrop/back_end/com.donatedrop/target/test-classes/com/donatedrop/grocode/]]
07:11:33.941 [main] DEBUG org.springframework.core.io.support.PathMatchingResourcePatternResolver - Looking for matching resources in directory tree [E:\Drive_H\recover\NTFS_3\backUp\Documents\NetBeansProjects\drop\com.donatedrop\back_end\com.donatedrop\target\test-classes\com\donatedrop\grocode]
07:11:33.941 [main] DEBUG org.springframework.core.io.support.PathMatchingResourcePatternResolver - Searching directory [E:\Drive_H\recover\NTFS_3\backUp\Documents\NetBeansProjects\drop\com.donatedrop\back_end\com.donatedrop\target\test-classes\com\donatedrop\grocode] for files matching pattern [E:/Drive_H/recover/NTFS_3/backUp/Documents/NetBeansProjects/drop/com.donatedrop/back_end/com.donatedrop/target/test-classes/com/donatedrop/grocode/*.class]
07:11:33.943 [main] DEBUG org.springframework.core.io.support.PathMatchingResourcePatternResolver - Resolved location pattern [classpath*:com/donatedrop/grocode/*.class] to resources [file [E:\Drive_H\recover\NTFS_3\backUp\Documents\NetBeansProjects\drop\com.donatedrop\back_end\com.donatedrop\target\test-classes\com\donatedrop\grocode\Test_GEO_Code.class]]
07:11:33.956 [main] DEBUG org.springframework.core.io.support.PathMatchingResourcePatternResolver - Resolved classpath location [com/donatedrop/] to resources [URL [file:/E:/Drive_H/recover/NTFS_3/backUp/Documents/NetBeansProjects/drop/com.donatedrop/back_end/com.donatedrop/target/test-classes/com/donatedrop/], URL [file:/E:/Drive_H/recover/NTFS_3/backUp/Documents/NetBeansProjects/drop/com.donatedrop/back_end/com.donatedrop/target/classes/com/donatedrop/]]
07:11:33.956 [main] DEBUG org.springframework.core.io.support.PathMatchingResourcePatternResolver - Looking for matching resources in directory tree [E:\Drive_H\recover\NTFS_3\backUp\Documents\NetBeansProjects\drop\com.donatedrop\back_end\com.donatedrop\target\test-classes\com\donatedrop]
07:11:33.956 [main] DEBUG org.springframework.core.io.support.PathMatchingResourcePatternResolver - Searching directory [E:\Drive_H\recover\NTFS_3\backUp\Documents\NetBeansProjects\drop\com.donatedrop\back_end\com.donatedrop\target\test-classes\com\donatedrop] for files matching pattern [E:/Drive_H/recover/NTFS_3/backUp/Documents/NetBeansProjects/drop/com.donatedrop/back_end/com.donatedrop/target/test-classes/com/donatedrop/*.class]
07:11:33.957 [main] DEBUG org.springframework.core.io.support.PathMatchingResourcePatternResolver - Looking for matching resources in directory tree [E:\Drive_H\recover\NTFS_3\backUp\Documents\NetBeansProjects\drop\com.donatedrop\back_end\com.donatedrop\target\classes\com\donatedrop]
07:11:33.957 [main] DEBUG org.springframework.core.io.support.PathMatchingResourcePatternResolver - Searching directory [E:\Drive_H\recover\NTFS_3\backUp\Documents\NetBeansProjects\drop\com.donatedrop\back_end\com.donatedrop\target\classes\com\donatedrop] for files matching pattern [E:/Drive_H/recover/NTFS_3/backUp/Documents/NetBeansProjects/drop/com.donatedrop/back_end/com.donatedrop/target/classes/com/donatedrop/*.class]
07:11:33.958 [main] DEBUG org.springframework.core.io.support.PathMatchingResourcePatternResolver - Resolved location pattern [classpath*:com/donatedrop/*.class] to resources [file [E:\Drive_H\recover\NTFS_3\backUp\Documents\NetBeansProjects\drop\com.donatedrop\back_end\com.donatedrop\target\classes\com\donatedrop\DropDonate.class]]
07:11:33.979 [main] DEBUG org.springframework.context.annotation.ClassPathScanningCandidateComponentProvider - Identified candidate component class: file [E:\Drive_H\recover\NTFS_3\backUp\Documents\NetBeansProjects\drop\com.donatedrop\back_end\com.donatedrop\target\classes\com\donatedrop\DropDonate.class]
07:11:33.980 [main] INFO org.springframework.boot.test.context.SpringBootTestContextBootstrapper - Found @SpringBootConfiguration com.donatedrop.DropDonate for test class com.donatedrop.grocode.Test_GEO_Code
07:11:33.983 [main] DEBUG org.springframework.boot.test.context.SpringBootTestContextBootstrapper - @TestExecutionListeners is not present for class [com.donatedrop.grocode.Test_GEO_Code]: using defaults.
07:11:33.986 [main] INFO org.springframework.boot.test.context.SpringBootTestContextBootstrapper - Loaded default TestExecutionListener class names from location [META-INF/spring.factories]: [org.springframework.boot.test.autoconfigure.restdocs.RestDocsTestExecutionListener, org.springframework.boot.test.autoconfigure.web.client.MockRestServiceServerResetTestExecutionListener, org.springframework.boot.test.autoconfigure.web.servlet.MockMvcPrintOnlyOnFailureTestExecutionListener, org.springframework.boot.test.autoconfigure.web.servlet.WebDriverTestExecutionListener, org.springframework.test.context.web.ServletTestExecutionListener, org.springframework.test.context.support.DirtiesContextBeforeModesTestExecutionListener, org.springframework.test.context.support.DependencyInjectionTestExecutionListener, org.springframework.test.context.support.DirtiesContextTestExecutionListener, org.springframework.test.context.transaction.TransactionalTestExecutionListener, org.springframework.test.context.jdbc.SqlScriptsTestExecutionListener, org.springframework.boot.test.mock.mockito.MockitoTestExecutionListener, org.springframework.boot.test.mock.mockito.ResetMocksTestExecutionListener]
07:11:34.003 [main] INFO org.springframework.boot.test.context.SpringBootTestContextBootstrapper - Using TestExecutionListeners: [org.springframework.test.context.web.ServletTestExecutionListener@221af3c0, org.springframework.test.context.support.DirtiesContextBeforeModesTestExecutionListener@62bd765, org.springframework.boot.test.autoconfigure.SpringBootDependencyInjectionTestExecutionListener@23a5fd2, org.springframework.test.context.support.DirtiesContextTestExecutionListener@78a2da20, org.springframework.test.context.transaction.TransactionalTestExecutionListener@dd3b207, org.springframework.test.context.jdbc.SqlScriptsTestExecutionListener@551bdc27, org.springframework.boot.test.autoconfigure.web.servlet.MockMvcPrintOnlyOnFailureTestExecutionListener@58fdd99, org.springframework.boot.test.mock.mockito.ResetMocksTestExecutionListener@6b1274d2, org.springframework.boot.test.autoconfigure.web.servlet.WebDriverTestExecutionListener@7bc1a03d, org.springframework.boot.test.mock.mockito.MockitoTestExecutionListener@70b0b186, org.springframework.boot.test.autoconfigure.web.client.MockRestServiceServerResetTestExecutionListener@ba8d91c, org.springframework.boot.test.autoconfigure.restdocs.RestDocsTestExecutionListener@7364985f]
07:11:34.004 [main] DEBUG org.springframework.test.annotation.ProfileValueUtils - Retrieved @ProfileValueSourceConfiguration [null] for test class [com.donatedrop.grocode.Test_GEO_Code]
07:11:34.005 [main] DEBUG org.springframework.test.annotation.ProfileValueUtils - Retrieved ProfileValueSource type [class org.springframework.test.annotation.SystemProfileValueSource] for class [com.donatedrop.grocode.Test_GEO_Code]
07:11:34.006 [main] DEBUG org.springframework.test.context.junit4.SpringJUnit4ClassRunner - SpringJUnit4ClassRunner constructor called with [class com.donatedrop.grocode.Test_GEO_Code]
07:11:34.007 [main] DEBUG org.springframework.test.context.BootstrapUtils - Instantiating CacheAwareContextLoaderDelegate from class [org.springframework.test.context.cache.DefaultCacheAwareContextLoaderDelegate]
07:11:34.007 [main] DEBUG org.springframework.test.context.BootstrapUtils - Instantiating BootstrapContext using constructor [public org.springframework.test.context.support.DefaultBootstrapContext(java.lang.Class,org.springframework.test.context.CacheAwareContextLoaderDelegate)]
07:11:34.007 [main] DEBUG org.springframework.test.context.BootstrapUtils - Instantiating TestContextBootstrapper for test class [com.donatedrop.grocode.Test_GEO_Code] from class [org.springframework.boot.test.context.SpringBootTestContextBootstrapper]
07:11:34.007 [main] INFO org.springframework.boot.test.context.SpringBootTestContextBootstrapper - Neither @ContextConfiguration nor @ContextHierarchy found for test class [com.donatedrop.grocode.Test_GEO_Code], using SpringBootContextLoader
07:11:34.007 [main] DEBUG org.springframework.test.context.support.AbstractContextLoader - Did not detect default resource location for test class [com.donatedrop.grocode.Test_GEO_Code]: class path resource [com/donatedrop/grocode/Test_GEO_Code-context.xml] does not exist
07:11:34.008 [main] DEBUG org.springframework.test.context.support.AbstractContextLoader - Did not detect default resource location for test class [com.donatedrop.grocode.Test_GEO_Code]: class path resource [com/donatedrop/grocode/Test_GEO_CodeContext.groovy] does not exist
07:11:34.008 [main] INFO org.springframework.test.context.support.AbstractContextLoader - Could not detect default resource locations for test class [com.donatedrop.grocode.Test_GEO_Code]: no resource found for suffixes {-context.xml, Context.groovy}.
07:11:34.008 [main] INFO org.springframework.test.context.support.AnnotationConfigContextLoaderUtils - Could not detect default configuration classes for test class [com.donatedrop.grocode.Test_GEO_Code]: Test_GEO_Code does not declare any static, non-private, non-final, nested classes annotated with @Configuration.
07:11:34.011 [main] DEBUG org.springframework.test.context.support.ActiveProfilesUtils - Could not find an 'annotation declaring class' for annotation type [org.springframework.test.context.ActiveProfiles] and class [com.donatedrop.grocode.Test_GEO_Code]
07:11:34.011 [main] DEBUG org.springframework.core.env.StandardEnvironment - Adding [systemProperties] PropertySource with lowest search precedence
07:11:34.011 [main] DEBUG org.springframework.core.env.StandardEnvironment - Adding [systemEnvironment] PropertySource with lowest search precedence
07:11:34.011 [main] DEBUG org.springframework.core.env.StandardEnvironment - Initialized StandardEnvironment with PropertySources [systemProperties,systemEnvironment]
07:11:34.012 [main] INFO org.springframework.boot.test.context.SpringBootTestContextBootstrapper - Found @SpringBootConfiguration com.donatedrop.DropDonate for test class com.donatedrop.grocode.Test_GEO_Code
07:11:34.013 [main] DEBUG org.springframework.boot.test.context.SpringBootTestContextBootstrapper - @TestExecutionListeners is not present for class [com.donatedrop.grocode.Test_GEO_Code]: using defaults.
07:11:34.015 [main] INFO org.springframework.boot.test.context.SpringBootTestContextBootstrapper - Loaded default TestExecutionListener class names from location [META-INF/spring.factories]: [org.springframework.boot.test.autoconfigure.restdocs.RestDocsTestExecutionListener, org.springframework.boot.test.autoconfigure.web.client.MockRestServiceServerResetTestExecutionListener, org.springframework.boot.test.autoconfigure.web.servlet.MockMvcPrintOnlyOnFailureTestExecutionListener, org.springframework.boot.test.autoconfigure.web.servlet.WebDriverTestExecutionListener, org.springframework.test.context.web.ServletTestExecutionListener, org.springframework.test.context.support.DirtiesContextBeforeModesTestExecutionListener, org.springframework.test.context.support.DependencyInjectionTestExecutionListener, org.springframework.test.context.support.DirtiesContextTestExecutionListener, org.springframework.test.context.transaction.TransactionalTestExecutionListener, org.springframework.test.context.jdbc.SqlScriptsTestExecutionListener, org.springframework.boot.test.mock.mockito.MockitoTestExecutionListener, org.springframework.boot.test.mock.mockito.ResetMocksTestExecutionListener]
07:11:34.017 [main] INFO org.springframework.boot.test.context.SpringBootTestContextBootstrapper - Using TestExecutionListeners: [org.springframework.test.context.web.ServletTestExecutionListener@3ec300f1, org.springframework.test.context.support.DirtiesContextBeforeModesTestExecutionListener@482cd91f, org.springframework.boot.test.autoconfigure.SpringBootDependencyInjectionTestExecutionListener@123f1134, org.springframework.test.context.support.DirtiesContextTestExecutionListener@7d68ef40, org.springframework.test.context.transaction.TransactionalTestExecutionListener@5b0abc94, org.springframework.test.context.jdbc.SqlScriptsTestExecutionListener@75c072cb, org.springframework.boot.test.autoconfigure.web.servlet.MockMvcPrintOnlyOnFailureTestExecutionListener@1f1c7bf6, org.springframework.boot.test.mock.mockito.ResetMocksTestExecutionListener@25b485ba, org.springframework.boot.test.autoconfigure.web.servlet.WebDriverTestExecutionListener@2b546384, org.springframework.boot.test.mock.mockito.MockitoTestExecutionListener@5d740a0f, org.springframework.boot.test.autoconfigure.web.client.MockRestServiceServerResetTestExecutionListener@214b199c, org.springframework.boot.test.autoconfigure.restdocs.RestDocsTestExecutionListener@20d3d15a]
07:11:34.017 [main] DEBUG org.springframework.test.annotation.ProfileValueUtils - Retrieved @ProfileValueSourceConfiguration [null] for test class [com.donatedrop.grocode.Test_GEO_Code]
07:11:34.017 [main] DEBUG org.springframework.test.annotation.ProfileValueUtils - Retrieved ProfileValueSource type [class org.springframework.test.annotation.SystemProfileValueSource] for class [com.donatedrop.grocode.Test_GEO_Code]
07:11:34.018 [main] DEBUG org.springframework.test.annotation.ProfileValueUtils - Retrieved @ProfileValueSourceConfiguration [null] for test class [com.donatedrop.grocode.Test_GEO_Code]
07:11:34.018 [main] DEBUG org.springframework.test.annotation.ProfileValueUtils - Retrieved ProfileValueSource type [class org.springframework.test.annotation.SystemProfileValueSource] for class [com.donatedrop.grocode.Test_GEO_Code]
07:11:34.021 [main] DEBUG org.springframework.test.context.support.AbstractDirtiesContextTestExecutionListener - Before test class: context [DefaultTestContext@50a7bc6e testClass = Test_GEO_Code, testInstance = [null], testMethod = [null], testException = [null], mergedContextConfiguration = [WebMergedContextConfiguration@161b062a testClass = Test_GEO_Code, locations = '{}', classes = '{class com.donatedrop.DropDonate}', contextInitializerClasses = '[]', activeProfiles = '{}', propertySourceLocations = '{}', propertySourceProperties = '{org.springframework.boot.test.context.SpringBootTestContextBootstrapper=true}', contextCustomizers = set[org.springframework.boot.test.autoconfigure.properties.PropertyMappingContextCustomizer@0, org.springframework.boot.test.autoconfigure.web.servlet.WebDriverContextCustomizerFactory$Customizer@6321e813, org.springframework.boot.test.context.SpringBootTestContextCustomizer@72b6cbcc, org.springframework.boot.test.context.filter.ExcludeFilterContextCustomizer@30b8a058, org.springframework.boot.test.mock.mockito.MockitoContextCustomizer@0], resourceBasePath = 'src/main/webapp', contextLoader = 'org.springframework.boot.test.context.SpringBootContextLoader', parent = [null]]], class annotated with @DirtiesContext [false] with mode [null].
07:11:34.022 [main] DEBUG org.springframework.test.annotation.ProfileValueUtils - Retrieved @ProfileValueSourceConfiguration [null] for test class [com.donatedrop.grocode.Test_GEO_Code]
07:11:34.023 [main] DEBUG org.springframework.test.annotation.ProfileValueUtils - Retrieved ProfileValueSource type [class org.springframework.test.annotation.SystemProfileValueSource] for class [com.donatedrop.grocode.Test_GEO_Code]
07:11:34.067 [main] DEBUG org.springframework.core.env.StandardEnvironment - Adding [systemProperties] PropertySource with lowest search precedence
07:11:34.067 [main] DEBUG org.springframework.core.env.StandardEnvironment - Adding [systemEnvironment] PropertySource with lowest search precedence
07:11:34.067 [main] DEBUG org.springframework.core.env.StandardEnvironment - Initialized StandardEnvironment with PropertySources [systemProperties,systemEnvironment]
07:11:34.067 [main] DEBUG org.springframework.test.context.support.TestPropertySourceUtils - Adding inlined properties to environment: {spring.jmx.enabled=false, org.springframework.boot.test.context.SpringBootTestContextBootstrapper=true, server.port=-1}
07:11:34.068 [main] DEBUG org.springframework.core.env.StandardEnvironment - Adding [Inlined Test Properties] PropertySource with highest search precedence

  .   ____          _            __ _ _
 /\\ / ___'_ __ _ _(_)_ __  __ _ \ \ \ \
( ( )\___ | '_ | '_| | '_ \/ _` | \ \ \ \
 \\/  ___)| |_)| | | | | || (_| |  ) ) ) )
  '  |____| .__|_| |_|_| |_\__, | / / / /
 =========|_|==============|___/=/_/_/_/
 :: Spring Boot ::        (v1.5.2.RELEASE)

2020-04-01 07:11:34.268  INFO 13704 --- [           main] com.donatedrop.grocode.Test_GEO_Code     : Starting Test_GEO_Code on DESKTOP-VC05DSS with PID 13704 (started by G7 in E:\Drive_H\recover\NTFS_3\backUp\Documents\NetBeansProjects\drop\com.donatedrop\back_end\com.donatedrop)
2020-04-01 07:11:34.269  INFO 13704 --- [           main] com.donatedrop.grocode.Test_GEO_Code     : No active profile set, falling back to default profiles: default
2020-04-01 07:11:34.293  INFO 13704 --- [           main] o.s.w.c.s.GenericWebApplicationContext   : Refreshing org.springframework.web.context.support.GenericWebApplicationContext@a530d0a: startup date [Wed Apr 01 07:11:34 BDT 2020]; root of context hierarchy
2020-04-01 07:11:34.771  INFO 13704 --- [           main] o.s.b.f.s.DefaultListableBeanFactory     : Overriding bean definition for bean 'passwordEncoder' with a different definition: replacing [Root bean: class [null]; scope=; abstract=false; lazyInit=false; autowireMode=3; dependencyCheck=0; autowireCandidate=true; primary=false; factoryBeanName=webSecurityConfig; factoryMethodName=passwordEncoder; initMethodName=null; destroyMethodName=(inferred); defined in class path resource [com/donatedrop/conf/WebSecurityConfig.class]] with [Root bean: class [null]; scope=; abstract=false; lazyInit=false; autowireMode=3; dependencyCheck=0; autowireCandidate=true; primary=false; factoryBeanName=dropDonate; factoryMethodName=passwordEncoder; initMethodName=null; destroyMethodName=(inferred); defined in com.donatedrop.DropDonate]
2020-04-01 07:11:35.172  INFO 13704 --- [           main] o.s.j.d.DriverManagerDataSource          : Loaded JDBC driver: com.mysql.jdbc.Driver
2020-04-01 07:11:35.175  INFO 13704 --- [           main] trationDelegate$BeanPostProcessorChecker : Bean 'dataSource' of type [org.springframework.jdbc.datasource.DriverManagerDataSource] is not eligible for getting processed by all BeanPostProcessors (for example: not eligible for auto-proxying)
2020-04-01 07:11:35.244  INFO 13704 --- [           main] j.LocalContainerEntityManagerFactoryBean : Building JPA container EntityManagerFactory for persistence unit 'default'
2020-04-01 07:11:35.257  INFO 13704 --- [           main] o.hibernate.jpa.internal.util.LogHelper  : HHH000204: Processing PersistenceUnitInfo [
	name: default
	...]
2020-04-01 07:11:35.316  INFO 13704 --- [           main] org.hibernate.Version                    : HHH000412: Hibernate Core {5.0.12.Final}
2020-04-01 07:11:35.317  INFO 13704 --- [           main] org.hibernate.cfg.Environment            : HHH000206: hibernate.properties not found
2020-04-01 07:11:35.319  INFO 13704 --- [           main] org.hibernate.cfg.Environment            : HHH000021: Bytecode provider name : javassist
2020-04-01 07:11:35.352  INFO 13704 --- [           main] o.hibernate.annotations.common.Version   : HCANN000001: Hibernate Commons Annotations {5.0.1.Final}
2020-04-01 07:11:35.606  INFO 13704 --- [           main] org.hibernate.dialect.Dialect            : HHH000400: Using dialect: org.hibernate.dialect.MySQL5Dialect
2020-04-01 07:11:36.442  INFO 13704 --- [           main] org.hibernate.tool.hbm2ddl.SchemaUpdate  : HHH000228: Running hbm2ddl schema update
2020-04-01 07:11:37.482  INFO 13704 --- [           main] o.h.h.i.QueryTranslatorFactoryInitiator  : HHH000397: Using ASTQueryTranslatorFactory
2020-04-01 07:11:37.659  INFO 13704 --- [           main] j.LocalContainerEntityManagerFactoryBean : Initialized JPA EntityManagerFactory for persistence unit 'default'
2020-04-01 07:11:37.661  INFO 13704 --- [           main] trationDelegate$BeanPostProcessorChecker : Bean 'entityManagerFactory' of type [org.springframework.orm.jpa.LocalContainerEntityManagerFactoryBean] is not eligible for getting processed by all BeanPostProcessors (for example: not eligible for auto-proxying)
2020-04-01 07:11:37.661  INFO 13704 --- [           main] trationDelegate$BeanPostProcessorChecker : Bean 'databaseConfig' of type [com.donatedrop.util.DatabaseConfig$$EnhancerBySpringCGLIB$$37c571e9] is not eligible for getting processed by all BeanPostProcessors (for example: not eligible for auto-proxying)
2020-04-01 07:11:37.700  INFO 13704 --- [           main] trationDelegate$BeanPostProcessorChecker : Bean 'org.springframework.transaction.annotation.ProxyTransactionManagementConfiguration' of type [org.springframework.transaction.annotation.ProxyTransactionManagementConfiguration$$EnhancerBySpringCGLIB$$d802659e] is not eligible for getting processed by all BeanPostProcessors (for example: not eligible for auto-proxying)
2020-04-01 07:11:37.732  INFO 13704 --- [           main] trationDelegate$BeanPostProcessorChecker : Bean 'org.springframework.security.config.annotation.configuration.ObjectPostProcessorConfiguration' of type [org.springframework.security.config.annotation.configuration.ObjectPostProcessorConfiguration$$EnhancerBySpringCGLIB$$70b02dd8] is not eligible for getting processed by all BeanPostProcessors (for example: not eligible for auto-proxying)
2020-04-01 07:11:37.739  INFO 13704 --- [           main] trationDelegate$BeanPostProcessorChecker : Bean 'objectPostProcessor' of type [org.springframework.security.config.annotation.configuration.AutowireBeanFactoryObjectPostProcessor] is not eligible for getting processed by all BeanPostProcessors (for example: not eligible for auto-proxying)
2020-04-01 07:11:37.740  INFO 13704 --- [           main] trationDelegate$BeanPostProcessorChecker : Bean 'org.springframework.security.access.expression.method.DefaultMethodSecurityExpressionHandler@26bb92e2' of type [org.springframework.security.access.expression.method.DefaultMethodSecurityExpressionHandler] is not eligible for getting processed by all BeanPostProcessors (for example: not eligible for auto-proxying)
2020-04-01 07:11:37.744  INFO 13704 --- [           main] trationDelegate$BeanPostProcessorChecker : Bean 'org.springframework.security.config.annotation.method.configuration.GlobalMethodSecurityConfiguration' of type [org.springframework.security.config.annotation.method.configuration.GlobalMethodSecurityConfiguration$$EnhancerBySpringCGLIB$$9584d08a] is not eligible for getting processed by all BeanPostProcessors (for example: not eligible for auto-proxying)
2020-04-01 07:11:37.752  INFO 13704 --- [           main] trationDelegate$BeanPostProcessorChecker : Bean 'methodSecurityMetadataSource' of type [org.springframework.security.access.method.DelegatingMethodSecurityMetadataSource] is not eligible for getting processed by all BeanPostProcessors (for example: not eligible for auto-proxying)


--Pass : (+JGda2993+)
2020-04-01 07:11:38.675  INFO 13704 --- [           main] o.s.s.web.DefaultSecurityFilterChain     : Creating filter chain: org.springframework.security.web.util.matcher.AnyRequestMatcher@1, [org.springframework.security.web.context.request.async.WebAsyncManagerIntegrationFilter@1d585fb, org.springframework.security.web.context.SecurityContextPersistenceFilter@3568ea59, org.springframework.security.web.header.HeaderWriterFilter@75f4d8a8, org.springframework.security.web.authentication.logout.LogoutFilter@627acb38, com.donatedrop.security.JwtAuthenticationTokenFilter@4c50cd7d, org.springframework.security.web.savedrequest.RequestCacheAwareFilter@173b1af1, org.springframework.security.web.servletapi.SecurityContextHolderAwareRequestFilter@25d0b918, org.springframework.security.web.authentication.AnonymousAuthenticationFilter@1884e671, org.springframework.security.web.session.SessionManagementFilter@56cd5d76, org.springframework.security.web.access.ExceptionTranslationFilter@25f7cc38, org.springframework.security.web.access.intercept.FilterSecurityInterceptor@1da53f4f]
2020-04-01 07:11:38.912  INFO 13704 --- [           main] s.w.s.m.m.a.RequestMappingHandlerAdapter : Looking for @ControllerAdvice: org.springframework.web.context.support.GenericWebApplicationContext@a530d0a: startup date [Wed Apr 01 07:11:34 BDT 2020]; root of context hierarchy
2020-04-01 07:11:38.969  INFO 13704 --- [           main] s.w.s.m.m.a.RequestMappingHandlerMapping : Mapped "{[/user/create],methods=[POST]}" onto public void com.donatedrop.articles.Controller_Article.create()
2020-04-01 07:11:38.973  INFO 13704 --- [           main] s.w.s.m.m.a.RequestMappingHandlerMapping : Mapped "{[/test/test],methods=[GET]}" onto public java.lang.String com.donatedrop.articles.old.ArticleController.test()
2020-04-01 07:11:38.973  INFO 13704 --- [           main] s.w.s.m.m.a.RequestMappingHandlerMapping : Mapped "{[/test/articles],methods=[GET]}" onto public org.springframework.http.ResponseEntity<java.util.List<com.donatedrop.articles.Articles>> com.donatedrop.articles.old.ArticleController.getAllArticles()
2020-04-01 07:11:38.973  INFO 13704 --- [           main] s.w.s.m.m.a.RequestMappingHandlerMapping : Mapped "{[/test/article/{id}],methods=[GET]}" onto public org.springframework.http.ResponseEntity<com.donatedrop.articles.Articles> com.donatedrop.articles.old.ArticleController.getArticleById(java.lang.Integer)
2020-04-01 07:11:38.974  INFO 13704 --- [           main] s.w.s.m.m.a.RequestMappingHandlerMapping : Mapped "{[/test/article],methods=[POST]}" onto public org.springframework.http.ResponseEntity<java.lang.Void> com.donatedrop.articles.old.ArticleController.addArticle(com.donatedrop.articles.Articles,org.springframework.web.util.UriComponentsBuilder)
2020-04-01 07:11:38.974  INFO 13704 --- [           main] s.w.s.m.m.a.RequestMappingHandlerMapping : Mapped "{[/test/article2],methods=[POST]}" onto public java.lang.String com.donatedrop.articles.old.ArticleController.addArticle2(com.donatedrop.articles.Articles,org.springframework.web.util.UriComponentsBuilder)
2020-04-01 07:11:38.974  INFO 13704 --- [           main] s.w.s.m.m.a.RequestMappingHandlerMapping : Mapped "{[/test/article],methods=[PUT]}" onto public org.springframework.http.ResponseEntity<com.donatedrop.articles.Articles> com.donatedrop.articles.old.ArticleController.updateArticle(com.donatedrop.articles.Articles)
2020-04-01 07:11:38.974  INFO 13704 --- [           main] s.w.s.m.m.a.RequestMappingHandlerMapping : Mapped "{[/test/article/{id}],methods=[DELETE]}" onto public org.springframework.http.ResponseEntity<java.lang.Void> com.donatedrop.articles.old.ArticleController.deleteArticle(java.lang.Integer)
2020-04-01 07:11:38.974  INFO 13704 --- [           main] s.w.s.m.m.a.RequestMappingHandlerMapping : Mapped "{[/refresh],methods=[GET]}" onto public org.springframework.http.ResponseEntity<?> com.donatedrop.controller.AuthenticationRestController.refreshAndGetAuthenticationToken(javax.servlet.http.HttpServletRequest)
2020-04-01 07:11:38.974  INFO 13704 --- [           main] s.w.s.m.m.a.RequestMappingHandlerMapping : Mapped "{[/auth],methods=[POST]}" onto public org.springframework.http.ResponseEntity<?> com.donatedrop.controller.AuthenticationRestController.createAuthenticationToken(com.donatedrop.security.JwtAuthenticationRequest,org.springframework.mobile.device.Device) throws org.springframework.security.core.AuthenticationException
2020-04-01 07:11:38.975  INFO 13704 --- [           main] s.w.s.m.m.a.RequestMappingHandlerMapping : Mapped "{[/protected],methods=[GET]}" onto public org.springframework.http.ResponseEntity<?> com.donatedrop.controller.MethodProtectedRestController.getProtectedGreeting()
2020-04-01 07:11:38.975  INFO 13704 --- [           main] s.w.s.m.m.a.RequestMappingHandlerMapping : Mapped "{[/register],methods=[POST]}" onto public com.donatedrop.model.User com.donatedrop.controller.UserManage.register(com.donatedrop.model.User)
2020-04-01 07:11:38.976  INFO 13704 --- [           main] s.w.s.m.m.a.RequestMappingHandlerMapping : Mapped "{[/test],methods=[GET]}" onto public java.lang.String com.donatedrop.controller.UserRestController.test()
2020-04-01 07:11:38.976  INFO 13704 --- [           main] s.w.s.m.m.a.RequestMappingHandlerMapping : Mapped "{[/user],methods=[GET]}" onto public com.donatedrop.security.JwtUser com.donatedrop.controller.UserRestController.getAuthenticatedUser(javax.servlet.http.HttpServletRequest)
2020-04-01 07:11:38.976  INFO 13704 --- [           main] s.w.s.m.m.a.RequestMappingHandlerMapping : Mapped "{[/userRegistration],methods=[POST]}" onto public java.lang.String com.donatedrop.controller.UserRestController.getAuthenticatedUserRegistration(javax.servlet.http.HttpServletRequest)
2020-04-01 07:11:38.976  INFO 13704 --- [           main] s.w.s.m.m.a.RequestMappingHandlerMapping : Mapped "{[/userName],methods=[GET]}" onto public java.lang.String com.donatedrop.controller.UserRestController.getAuthenticatedUserName(javax.servlet.http.HttpServletRequest,java.security.Principal)
2020-04-01 07:11:38.977  INFO 13704 --- [           main] s.w.s.m.m.a.RequestMappingHandlerMapping : Mapped "{[/test/mail/testm],methods=[POST]}" onto public java.lang.String com.donatedrop.mail.MailController.test(com.donatedrop.mail.GMail)
2020-04-01 07:11:38.977  INFO 13704 --- [           main] s.w.s.m.m.a.RequestMappingHandlerMapping : Mapped "{[/test/mail/verify],methods=[POST]}" onto public java.lang.String com.donatedrop.mail.MailController.test(java.lang.String)
2020-04-01 07:11:38.978  INFO 13704 --- [           main] s.w.s.m.m.a.RequestMappingHandlerMapping : Mapped "{[/test/mail/sendAttachment],methods=[POST]}" onto public java.lang.String com.donatedrop.mail.MailController.createMailWithAttachment(org.springframework.ui.Model,com.donatedrop.mail.MailObject,org.springframework.validation.Errors)
2020-04-01 07:11:38.978  INFO 13704 --- [           main] s.w.s.m.m.a.RequestMappingHandlerMapping : Mapped "{[/test/mail/sendTemplate],methods=[POST]}" onto public java.lang.String com.donatedrop.mail.MailController.createMailWithTemplate(org.springframework.ui.Model,com.donatedrop.mail.MailObject,org.springframework.validation.Errors)
2020-04-01 07:11:38.978  INFO 13704 --- [           main] s.w.s.m.m.a.RequestMappingHandlerMapping : Mapped "{[/test/mail/send],methods=[POST]}" onto public java.lang.String com.donatedrop.mail.MailController.createMail(org.springframework.ui.Model,com.donatedrop.mail.MailObject,org.springframework.validation.Errors)
2020-04-01 07:11:38.978  INFO 13704 --- [           main] s.w.s.m.m.a.RequestMappingHandlerMapping : Mapped "{[/test/mail/send || /test/mail/sendTemplate || /test/mail/sendAttachment],methods=[GET]}" onto public java.lang.String com.donatedrop.mail.MailController.createMail(org.springframework.ui.Model,javax.servlet.http.HttpServletRequest)
2020-04-01 07:11:38.978  INFO 13704 --- [           main] s.w.s.m.m.a.RequestMappingHandlerMapping : Mapped "{[/test/mail],methods=[GET]}" onto public java.lang.String com.donatedrop.mail.MailController.showEmailsPage()
2020-04-01 07:11:38.979  INFO 13704 --- [           main] s.w.s.m.m.a.RequestMappingHandlerMapping : Mapped "{[/create],methods=[POST]}" onto public com.donatedrop.model.User com.donatedrop.profile.Profile_Basic_Controller.register(com.donatedrop.model.User)
2020-04-01 07:11:38.979  INFO 13704 --- [           main] s.w.s.m.m.a.RequestMappingHandlerMapping : Mapped "{[/user_register_],methods=[GET]}" onto public java.lang.String com.donatedrop.security.newcontroller.UserRegistration.user_register()
2020-04-01 07:11:38.980  INFO 13704 --- [           main] s.w.s.m.m.a.RequestMappingHandlerMapping : Mapped "{[/error]}" onto public org.springframework.http.ResponseEntity<java.util.Map<java.lang.String, java.lang.Object>> org.springframework.boot.autoconfigure.web.BasicErrorController.error(javax.servlet.http.HttpServletRequest)
2020-04-01 07:11:38.980  INFO 13704 --- [           main] s.w.s.m.m.a.RequestMappingHandlerMapping : Mapped "{[/error],produces=[text/html]}" onto public org.springframework.web.servlet.ModelAndView org.springframework.boot.autoconfigure.web.BasicErrorController.errorHtml(javax.servlet.http.HttpServletRequest,javax.servlet.http.HttpServletResponse)
2020-04-01 07:11:39.015  INFO 13704 --- [           main] o.s.w.s.handler.SimpleUrlHandlerMapping  : Mapped URL path [/webjars/**] onto handler of type [class org.springframework.web.servlet.resource.ResourceHttpRequestHandler]
2020-04-01 07:11:39.015  INFO 13704 --- [           main] o.s.w.s.handler.SimpleUrlHandlerMapping  : Mapped URL path [/**] onto handler of type [class org.springframework.web.servlet.resource.ResourceHttpRequestHandler]
2020-04-01 07:11:39.057  INFO 13704 --- [           main] o.s.w.s.handler.SimpleUrlHandlerMapping  : Mapped URL path [/**/favicon.ico] onto handler of type [class org.springframework.web.servlet.resource.ResourceHttpRequestHandler]
2020-04-01 07:11:39.293  INFO 13704 --- [           main] com.donatedrop.grocode.Test_GEO_Code     : Started Test_GEO_Code in 5.218 seconds (JVM running for 5.739)
GEO Code Test Class!
Shared EntityManager proxy for target factory [org.springframework.orm.jpa.LocalContainerEntityManagerFactoryBean@27358a19]
]]></system-out>
  </testcase>
</testsuite>