<?xml version="1.0" encoding="UTF-8"?>
<testsuite name="com.donatedrop.grocode.ProductServiceControllerTest" time="0.157" tests="2" errors="0" skipped="0" failures="1">
  <properties>
    <property name="java.runtime.name" value="Java(TM) SE Runtime Environment"/>
    <property name="sun.boot.library.path" value="C:\Program Files\Java\jdk1.8.0_102\jre\bin"/>
    <property name="java.vm.version" value="25.102-b14"/>
    <property name="java.vm.vendor" value="Oracle Corporation"/>
    <property name="java.vendor.url" value="http://java.oracle.com/"/>
    <property name="path.separator" value=";"/>
    <property name="guice.disable.misplaced.annotation.check" value="true"/>
    <property name="java.vm.name" value="Java HotSpot(TM) 64-Bit Server VM"/>
    <property name="file.encoding.pkg" value="sun.io"/>
    <property name="user.script" value=""/>
    <property name="user.country" value="US"/>
    <property name="sun.java.launcher" value="SUN_STANDARD"/>
    <property name="sun.os.patch.level" value=""/>
    <property name="test" value="com.donatedrop.grocode.ProductServiceControllerTest"/>
    <property name="java.vm.specification.name" value="Java Virtual Machine Specification"/>
    <property name="user.dir" value="E:\Drive_H\recover\NTFS_3\backUp\Documents\NetBeansProjects\drop\com.donatedrop\back_end\com.donatedrop"/>
    <property name="java.runtime.version" value="1.8.0_102-b14"/>
    <property name="java.awt.graphicsenv" value="sun.awt.Win32GraphicsEnvironment"/>
    <property name="java.endorsed.dirs" value="C:\Program Files\Java\jdk1.8.0_102\jre\lib\endorsed"/>
    <property name="os.arch" value="amd64"/>
    <property name="java.io.tmpdir" value="C:\Users\G7\AppData\Local\Temp\"/>
    <property name="line.separator" value="&#10;"/>
    <property name="java.vm.specification.vendor" value="Oracle Corporation"/>
    <property name="user.variant" value=""/>
    <property name="os.name" value="Windows 10"/>
    <property name="maven.ext.class.path" value="C:\Program Files\NetBeans 8.2\java\maven-nblib\netbeans-eventspy.jar"/>
    <property name="classworlds.conf" value="C:\Program Files\NetBeans 8.2\java\maven\bin\m2.conf"/>
    <property name="sun.jnu.encoding" value="Cp1252"/>
    <property name="java.library.path" value="C:\Program Files\Java\jdk1.8.0_102\bin;C:\WINDOWS\Sun\Java\bin;C:\WINDOWS\system32;C:\WINDOWS;C:\ProgramData\Oracle\Java\javapath;C:\WINDOWS\system32;C:\WINDOWS;C:\WINDOWS\System32\Wbem;C:\WINDOWS\System32\WindowsPowerShell\v1.0\;E:\ProgramsFiles\xampp\php;C:\ProgramData\ComposerSetup\bin;C:\Program Files\nodejs\;C:\WINDOWS\System32\OpenSSH\;C:\Program Files\Git\cmd;E:\ProgramsFiles\apache-maven-3.6.3\bin;;C:\Program Files\NVIDIA Corporation\NVIDIA NvDLISR;C:\Program Files (x86)\NVIDIA Corporation\PhysX\Common;C:\Program Files (x86)\Yarn\bin\;C:\Program Files (x86)\Intel\Intel(R) Management Engine Components\DAL;C:\Program Files\Intel\Intel(R) Management Engine Components\DAL;E:\ProgramsFiles\python\Scripts\;E:\ProgramsFiles\python\;C:\Users\G7\AppData\Local\Microsoft\WindowsApps;C:\Users\G7\AppData\Roaming\Composer\vendor\bin;E:\ProgramsFiles\Microsoft VS Code\bin;C:\Users\G7\AppData\Roaming\npm;C:\Users\G7\AppData\Local\Yarn\bin;C:\Program Files\JetBrains\WebStorm 2019.1.2\bin;C:\Users\G7\AppData\Local\GitHubDesktop\bin;E:\ProgramsFiles\apache-maven-3.6.3\bin;;."/>
    <property name="java.specification.name" value="Java Platform API Specification"/>
    <property name="java.class.version" value="52.0"/>
    <property name="sun.management.compiler" value="HotSpot 64-Bit Tiered Compilers"/>
    <property name="os.version" value="10.0"/>
    <property name="user.home" value="C:\Users\G7"/>
    <property name="user.timezone" value="Asia/Dhaka"/>
    <property name="java.awt.printerjob" value="sun.awt.windows.WPrinterJob"/>
    <property name="java.specification.version" value="1.8"/>
    <property name="file.encoding" value="UTF-8"/>
    <property name="user.name" value="G7"/>
    <property name="java.class.path" value="C:\Program Files\NetBeans 8.2\java\maven\boot\plexus-classworlds-2.4.jar"/>
    <property name="java.vm.specification.version" value="1.8"/>
    <property name="sun.arch.data.model" value="64"/>
    <property name="java.home" value="C:\Program Files\Java\jdk1.8.0_102\jre"/>
    <property name="sun.java.command" value="org.codehaus.plexus.classworlds.launcher.Launcher -Dtest=com.donatedrop.grocode.ProductServiceControllerTest -Dmaven.ext.class.path=C:\Program Files\NetBeans 8.2\java\maven-nblib\netbeans-eventspy.jar -Dfile.encoding=UTF-8 surefire:test"/>
    <property name="java.specification.vendor" value="Oracle Corporation"/>
    <property name="user.language" value="en"/>
    <property name="awt.toolkit" value="sun.awt.windows.WToolkit"/>
    <property name="java.vm.info" value="mixed mode"/>
    <property name="java.version" value="1.8.0_102"/>
    <property name="java.ext.dirs" value="C:\Program Files\Java\jdk1.8.0_102\jre\lib\ext;C:\WINDOWS\Sun\Java\lib\ext"/>
    <property name="sun.boot.class.path" value="C:\Program Files\Java\jdk1.8.0_102\jre\lib\resources.jar;C:\Program Files\Java\jdk1.8.0_102\jre\lib\rt.jar;C:\Program Files\Java\jdk1.8.0_102\jre\lib\sunrsasign.jar;C:\Program Files\Java\jdk1.8.0_102\jre\lib\jsse.jar;C:\Program Files\Java\jdk1.8.0_102\jre\lib\jce.jar;C:\Program Files\Java\jdk1.8.0_102\jre\lib\charsets.jar;C:\Program Files\Java\jdk1.8.0_102\jre\lib\jfr.jar;C:\Program Files\Java\jdk1.8.0_102\jre\classes"/>
    <property name="java.vendor" value="Oracle Corporation"/>
    <property name="maven.home" value="C:\Program Files\NetBeans 8.2\java\maven"/>
    <property name="file.separator" value="\"/>
    <property name="java.vendor.url.bug" value="http://bugreport.sun.com/bugreport/"/>
    <property name="sun.cpu.endian" value="little"/>
    <property name="sun.io.unicode.encoding" value="UnicodeLittle"/>
    <property name="sun.desktop" value="windows"/>
    <property name="sun.cpu.isalist" value="amd64"/>
  </properties>
  <testcase name="getProductsList" classname="com.donatedrop.grocode.ProductServiceControllerTest" time="0.152">
    <failure message="expected:&lt;201&gt; but was:&lt;200&gt;" type="java.lang.AssertionError"><![CDATA[java.lang.AssertionError: expected:<201> but was:<200>
	at org.junit.Assert.fail(Assert.java:88)
	at org.junit.Assert.failNotEquals(Assert.java:834)
	at org.junit.Assert.assertEquals(Assert.java:645)
	at org.junit.Assert.assertEquals(Assert.java:631)
	at com.donatedrop.grocode.ProductServiceControllerTest.getProductsList(ProductServiceControllerTest.java:45)
]]></failure>
    <system-out><![CDATA[10:33:08.528 [main] DEBUG org.springframework.test.context.junit4.SpringJUnit4ClassRunner - SpringJUnit4ClassRunner constructor called with [class com.donatedrop.grocode.ProductServiceControllerTest]
10:33:08.532 [main] DEBUG org.springframework.test.context.BootstrapUtils - Instantiating CacheAwareContextLoaderDelegate from class [org.springframework.test.context.cache.DefaultCacheAwareContextLoaderDelegate]
10:33:08.538 [main] DEBUG org.springframework.test.context.BootstrapUtils - Instantiating BootstrapContext using constructor [public org.springframework.test.context.support.DefaultBootstrapContext(java.lang.Class,org.springframework.test.context.CacheAwareContextLoaderDelegate)]
10:33:08.549 [main] DEBUG org.springframework.test.context.BootstrapUtils - Instantiating TestContextBootstrapper for test class [com.donatedrop.grocode.ProductServiceControllerTest] from class [org.springframework.boot.test.context.SpringBootTestContextBootstrapper]
10:33:08.555 [main] INFO org.springframework.boot.test.context.SpringBootTestContextBootstrapper - Neither @ContextConfiguration nor @ContextHierarchy found for test class [com.donatedrop.grocode.ProductServiceControllerTest], using SpringBootContextLoader
10:33:08.558 [main] DEBUG org.springframework.test.context.support.AbstractContextLoader - Did not detect default resource location for test class [com.donatedrop.grocode.ProductServiceControllerTest]: class path resource [com/donatedrop/grocode/ProductServiceControllerTest-context.xml] does not exist
10:33:08.558 [main] DEBUG org.springframework.test.context.support.AbstractContextLoader - Did not detect default resource location for test class [com.donatedrop.grocode.ProductServiceControllerTest]: class path resource [com/donatedrop/grocode/ProductServiceControllerTestContext.groovy] does not exist
10:33:08.558 [main] INFO org.springframework.test.context.support.AbstractContextLoader - Could not detect default resource locations for test class [com.donatedrop.grocode.ProductServiceControllerTest]: no resource found for suffixes {-context.xml, Context.groovy}.
10:33:08.590 [main] DEBUG org.springframework.test.context.support.ActiveProfilesUtils - Could not find an 'annotation declaring class' for annotation type [org.springframework.test.context.ActiveProfiles] and class [com.donatedrop.grocode.ProductServiceControllerTest]
10:33:08.609 [main] DEBUG org.springframework.boot.test.context.SpringBootTestContextBootstrapper - @TestExecutionListeners is not present for class [com.donatedrop.grocode.ProductServiceControllerTest]: using defaults.
10:33:08.612 [main] INFO org.springframework.boot.test.context.SpringBootTestContextBootstrapper - Loaded default TestExecutionListener class names from location [META-INF/spring.factories]: [org.springframework.boot.test.autoconfigure.restdocs.RestDocsTestExecutionListener, org.springframework.boot.test.autoconfigure.web.client.MockRestServiceServerResetTestExecutionListener, org.springframework.boot.test.autoconfigure.web.servlet.MockMvcPrintOnlyOnFailureTestExecutionListener, org.springframework.boot.test.autoconfigure.web.servlet.WebDriverTestExecutionListener, org.springframework.test.context.web.ServletTestExecutionListener, org.springframework.test.context.support.DirtiesContextBeforeModesTestExecutionListener, org.springframework.test.context.support.DependencyInjectionTestExecutionListener, org.springframework.test.context.support.DirtiesContextTestExecutionListener, org.springframework.test.context.transaction.TransactionalTestExecutionListener, org.springframework.test.context.jdbc.SqlScriptsTestExecutionListener, org.springframework.boot.test.mock.mockito.MockitoTestExecutionListener, org.springframework.boot.test.mock.mockito.ResetMocksTestExecutionListener]
10:33:08.629 [main] INFO org.springframework.boot.test.context.SpringBootTestContextBootstrapper - Using TestExecutionListeners: [org.springframework.test.context.web.ServletTestExecutionListener@7dc222ae, org.springframework.test.context.support.DirtiesContextBeforeModesTestExecutionListener@aecb35a, org.springframework.boot.test.autoconfigure.SpringBootDependencyInjectionTestExecutionListener@5fcd892a, org.springframework.test.context.support.DirtiesContextTestExecutionListener@8b87145, org.springframework.test.context.transaction.TransactionalTestExecutionListener@6483f5ae, org.springframework.test.context.jdbc.SqlScriptsTestExecutionListener@b9afc07, org.springframework.boot.test.autoconfigure.restdocs.RestDocsTestExecutionListener@382db087, org.springframework.boot.test.mock.mockito.MockitoTestExecutionListener@73d4cc9e, org.springframework.boot.test.mock.mockito.ResetMocksTestExecutionListener@80169cf, org.springframework.boot.test.autoconfigure.web.client.MockRestServiceServerResetTestExecutionListener@5427c60c, org.springframework.boot.test.autoconfigure.web.servlet.MockMvcPrintOnlyOnFailureTestExecutionListener@15bfd87, org.springframework.boot.test.autoconfigure.web.servlet.WebDriverTestExecutionListener@543e710e]
10:33:08.631 [main] DEBUG org.springframework.test.annotation.ProfileValueUtils - Retrieved @ProfileValueSourceConfiguration [null] for test class [com.donatedrop.grocode.ProductServiceControllerTest]
10:33:08.631 [main] DEBUG org.springframework.test.annotation.ProfileValueUtils - Retrieved ProfileValueSource type [class org.springframework.test.annotation.SystemProfileValueSource] for class [com.donatedrop.grocode.ProductServiceControllerTest]
10:33:08.633 [main] DEBUG org.springframework.test.context.junit4.SpringJUnit4ClassRunner - SpringJUnit4ClassRunner constructor called with [class com.donatedrop.grocode.ProductServiceControllerTest]
10:33:08.633 [main] DEBUG org.springframework.test.context.BootstrapUtils - Instantiating CacheAwareContextLoaderDelegate from class [org.springframework.test.context.cache.DefaultCacheAwareContextLoaderDelegate]
10:33:08.633 [main] DEBUG org.springframework.test.context.BootstrapUtils - Instantiating BootstrapContext using constructor [public org.springframework.test.context.support.DefaultBootstrapContext(java.lang.Class,org.springframework.test.context.CacheAwareContextLoaderDelegate)]
10:33:08.633 [main] DEBUG org.springframework.test.context.BootstrapUtils - Instantiating TestContextBootstrapper for test class [com.donatedrop.grocode.ProductServiceControllerTest] from class [org.springframework.boot.test.context.SpringBootTestContextBootstrapper]
10:33:08.634 [main] INFO org.springframework.boot.test.context.SpringBootTestContextBootstrapper - Neither @ContextConfiguration nor @ContextHierarchy found for test class [com.donatedrop.grocode.ProductServiceControllerTest], using SpringBootContextLoader
10:33:08.635 [main] DEBUG org.springframework.test.context.support.AbstractContextLoader - Did not detect default resource location for test class [com.donatedrop.grocode.ProductServiceControllerTest]: class path resource [com/donatedrop/grocode/ProductServiceControllerTest-context.xml] does not exist
10:33:08.635 [main] DEBUG org.springframework.test.context.support.AbstractContextLoader - Did not detect default resource location for test class [com.donatedrop.grocode.ProductServiceControllerTest]: class path resource [com/donatedrop/grocode/ProductServiceControllerTestContext.groovy] does not exist
10:33:08.635 [main] INFO org.springframework.test.context.support.AbstractContextLoader - Could not detect default resource locations for test class [com.donatedrop.grocode.ProductServiceControllerTest]: no resource found for suffixes {-context.xml, Context.groovy}.
10:33:08.639 [main] DEBUG org.springframework.test.context.support.ActiveProfilesUtils - Could not find an 'annotation declaring class' for annotation type [org.springframework.test.context.ActiveProfiles] and class [com.donatedrop.grocode.ProductServiceControllerTest]
10:33:08.641 [main] DEBUG org.springframework.boot.test.context.SpringBootTestContextBootstrapper - @TestExecutionListeners is not present for class [com.donatedrop.grocode.ProductServiceControllerTest]: using defaults.
10:33:08.643 [main] INFO org.springframework.boot.test.context.SpringBootTestContextBootstrapper - Loaded default TestExecutionListener class names from location [META-INF/spring.factories]: [org.springframework.boot.test.autoconfigure.restdocs.RestDocsTestExecutionListener, org.springframework.boot.test.autoconfigure.web.client.MockRestServiceServerResetTestExecutionListener, org.springframework.boot.test.autoconfigure.web.servlet.MockMvcPrintOnlyOnFailureTestExecutionListener, org.springframework.boot.test.autoconfigure.web.servlet.WebDriverTestExecutionListener, org.springframework.test.context.web.ServletTestExecutionListener, org.springframework.test.context.support.DirtiesContextBeforeModesTestExecutionListener, org.springframework.test.context.support.DependencyInjectionTestExecutionListener, org.springframework.test.context.support.DirtiesContextTestExecutionListener, org.springframework.test.context.transaction.TransactionalTestExecutionListener, org.springframework.test.context.jdbc.SqlScriptsTestExecutionListener, org.springframework.boot.test.mock.mockito.MockitoTestExecutionListener, org.springframework.boot.test.mock.mockito.ResetMocksTestExecutionListener]
10:33:08.646 [main] INFO org.springframework.boot.test.context.SpringBootTestContextBootstrapper - Using TestExecutionListeners: [org.springframework.test.context.web.ServletTestExecutionListener@25359ed8, org.springframework.test.context.support.DirtiesContextBeforeModesTestExecutionListener@21a947fe, org.springframework.boot.test.autoconfigure.SpringBootDependencyInjectionTestExecutionListener@5606c0b, org.springframework.test.context.support.DirtiesContextTestExecutionListener@80ec1f8, org.springframework.test.context.transaction.TransactionalTestExecutionListener@1445d7f, org.springframework.test.context.jdbc.SqlScriptsTestExecutionListener@6a396c1e, org.springframework.boot.test.autoconfigure.restdocs.RestDocsTestExecutionListener@6c3f5566, org.springframework.boot.test.mock.mockito.MockitoTestExecutionListener@12405818, org.springframework.boot.test.mock.mockito.ResetMocksTestExecutionListener@314c508a, org.springframework.boot.test.autoconfigure.web.client.MockRestServiceServerResetTestExecutionListener@10b48321, org.springframework.boot.test.autoconfigure.web.servlet.MockMvcPrintOnlyOnFailureTestExecutionListener@6b67034, org.springframework.boot.test.autoconfigure.web.servlet.WebDriverTestExecutionListener@16267862]
10:33:08.646 [main] DEBUG org.springframework.test.annotation.ProfileValueUtils - Retrieved @ProfileValueSourceConfiguration [null] for test class [com.donatedrop.grocode.ProductServiceControllerTest]
10:33:08.646 [main] DEBUG org.springframework.test.annotation.ProfileValueUtils - Retrieved ProfileValueSource type [class org.springframework.test.annotation.SystemProfileValueSource] for class [com.donatedrop.grocode.ProductServiceControllerTest]
10:33:08.647 [main] DEBUG org.springframework.test.annotation.ProfileValueUtils - Retrieved @ProfileValueSourceConfiguration [null] for test class [com.donatedrop.grocode.ProductServiceControllerTest]
10:33:08.647 [main] DEBUG org.springframework.test.annotation.ProfileValueUtils - Retrieved ProfileValueSource type [class org.springframework.test.annotation.SystemProfileValueSource] for class [com.donatedrop.grocode.ProductServiceControllerTest]
10:33:08.650 [main] DEBUG org.springframework.test.context.support.AbstractDirtiesContextTestExecutionListener - Before test class: context [DefaultTestContext@473b46c3 testClass = ProductServiceControllerTest, testInstance = [null], testMethod = [null], testException = [null], mergedContextConfiguration = [WebMergedContextConfiguration@516be40f testClass = ProductServiceControllerTest, locations = '{}', classes = '{class com.donatedrop.DropDonate, class com.donatedrop.DropDonate}', contextInitializerClasses = '[]', activeProfiles = '{}', propertySourceLocations = '{}', propertySourceProperties = '{org.springframework.boot.test.context.SpringBootTestContextBootstrapper=true}', contextCustomizers = set[org.springframework.boot.test.autoconfigure.properties.PropertyMappingContextCustomizer@0, org.springframework.boot.test.autoconfigure.web.servlet.WebDriverContextCustomizerFactory$Customizer@76707e36, org.springframework.test.context.web.socket.MockServerContainerContextCustomizer@694e1548, org.springframework.boot.test.context.SpringBootTestContextCustomizer@d44fc21, org.springframework.boot.test.context.filter.ExcludeFilterContextCustomizer@4e7dc304, org.springframework.boot.test.mock.mockito.MockitoContextCustomizer@0], resourceBasePath = 'src/main/webapp', contextLoader = 'org.springframework.boot.test.context.SpringBootContextLoader', parent = [null]]], class annotated with @DirtiesContext [false] with mode [null].
10:33:08.651 [main] DEBUG org.springframework.test.annotation.ProfileValueUtils - Retrieved @ProfileValueSourceConfiguration [null] for test class [com.donatedrop.grocode.ProductServiceControllerTest]
10:33:08.651 [main] DEBUG org.springframework.test.annotation.ProfileValueUtils - Retrieved ProfileValueSource type [class org.springframework.test.annotation.SystemProfileValueSource] for class [com.donatedrop.grocode.ProductServiceControllerTest]
10:33:08.700 [main] DEBUG org.springframework.core.env.StandardEnvironment - Adding [systemProperties] PropertySource with lowest search precedence
10:33:08.700 [main] DEBUG org.springframework.core.env.StandardEnvironment - Adding [systemEnvironment] PropertySource with lowest search precedence
10:33:08.700 [main] DEBUG org.springframework.core.env.StandardEnvironment - Initialized StandardEnvironment with PropertySources [systemProperties,systemEnvironment]
10:33:08.701 [main] DEBUG org.springframework.test.context.support.TestPropertySourceUtils - Adding inlined properties to environment: {spring.jmx.enabled=false, org.springframework.boot.test.context.SpringBootTestContextBootstrapper=true, server.port=-1}
10:33:08.701 [main] DEBUG org.springframework.core.env.StandardEnvironment - Adding [Inlined Test Properties] PropertySource with highest search precedence

  .   ____          _            __ _ _
 /\\ / ___'_ __ _ _(_)_ __  __ _ \ \ \ \
( ( )\___ | '_ | '_| | '_ \/ _` | \ \ \ \
 \\/  ___)| |_)| | | | | || (_| |  ) ) ) )
  '  |____| .__|_| |_|_| |_\__, | / / / /
 =========|_|==============|___/=/_/_/_/
 :: Spring Boot ::        (v1.5.2.RELEASE)

2020-04-12 10:33:08.908  INFO 19080 --- [           main] c.d.g.ProductServiceControllerTest       : Starting ProductServiceControllerTest on DESKTOP-VC05DSS with PID 19080 (started by G7 in E:\Drive_H\recover\NTFS_3\backUp\Documents\NetBeansProjects\drop\com.donatedrop\back_end\com.donatedrop)
2020-04-12 10:33:08.909  INFO 19080 --- [           main] c.d.g.ProductServiceControllerTest       : No active profile set, falling back to default profiles: default
2020-04-12 10:33:08.938  INFO 19080 --- [           main] o.s.w.c.s.GenericWebApplicationContext   : Refreshing org.springframework.web.context.support.GenericWebApplicationContext@31e5415e: startup date [Sun Apr 12 10:33:08 BDT 2020]; root of context hierarchy
2020-04-12 10:33:09.483  INFO 19080 --- [           main] o.s.b.f.s.DefaultListableBeanFactory     : Overriding bean definition for bean 'passwordEncoder' with a different definition: replacing [Root bean: class [null]; scope=; abstract=false; lazyInit=false; autowireMode=3; dependencyCheck=0; autowireCandidate=true; primary=false; factoryBeanName=webSecurityConfig; factoryMethodName=passwordEncoder; initMethodName=null; destroyMethodName=(inferred); defined in class path resource [com/donatedrop/conf/WebSecurityConfig.class]] with [Root bean: class [null]; scope=; abstract=false; lazyInit=false; autowireMode=3; dependencyCheck=0; autowireCandidate=true; primary=false; factoryBeanName=dropDonate; factoryMethodName=passwordEncoder; initMethodName=null; destroyMethodName=(inferred); defined in com.donatedrop.DropDonate]
2020-04-12 10:33:09.939  INFO 19080 --- [           main] o.s.j.d.DriverManagerDataSource          : Loaded JDBC driver: com.mysql.jdbc.Driver
2020-04-12 10:33:09.943  INFO 19080 --- [           main] trationDelegate$BeanPostProcessorChecker : Bean 'dataSource' of type [org.springframework.jdbc.datasource.DriverManagerDataSource] is not eligible for getting processed by all BeanPostProcessors (for example: not eligible for auto-proxying)
2020-04-12 10:33:10.016  INFO 19080 --- [           main] j.LocalContainerEntityManagerFactoryBean : Building JPA container EntityManagerFactory for persistence unit 'default'
2020-04-12 10:33:10.031  INFO 19080 --- [           main] o.hibernate.jpa.internal.util.LogHelper  : HHH000204: Processing PersistenceUnitInfo [
	name: default
	...]
2020-04-12 10:33:10.095  INFO 19080 --- [           main] org.hibernate.Version                    : HHH000412: Hibernate Core {5.0.12.Final}
2020-04-12 10:33:10.097  INFO 19080 --- [           main] org.hibernate.cfg.Environment            : HHH000206: hibernate.properties not found
2020-04-12 10:33:10.098  INFO 19080 --- [           main] org.hibernate.cfg.Environment            : HHH000021: Bytecode provider name : javassist
2020-04-12 10:33:10.137  INFO 19080 --- [           main] o.hibernate.annotations.common.Version   : HCANN000001: Hibernate Commons Annotations {5.0.1.Final}
2020-04-12 10:33:10.399  INFO 19080 --- [           main] org.hibernate.dialect.Dialect            : HHH000400: Using dialect: org.hibernate.dialect.MySQL5Dialect
2020-04-12 10:33:11.264  INFO 19080 --- [           main] org.hibernate.tool.hbm2ddl.SchemaUpdate  : HHH000228: Running hbm2ddl schema update
2020-04-12 10:33:12.387  INFO 19080 --- [           main] o.h.h.i.QueryTranslatorFactoryInitiator  : HHH000397: Using ASTQueryTranslatorFactory
2020-04-12 10:33:12.561  INFO 19080 --- [           main] j.LocalContainerEntityManagerFactoryBean : Initialized JPA EntityManagerFactory for persistence unit 'default'
2020-04-12 10:33:12.564  INFO 19080 --- [           main] trationDelegate$BeanPostProcessorChecker : Bean 'entityManagerFactory' of type [org.springframework.orm.jpa.LocalContainerEntityManagerFactoryBean] is not eligible for getting processed by all BeanPostProcessors (for example: not eligible for auto-proxying)
2020-04-12 10:33:12.564  INFO 19080 --- [           main] trationDelegate$BeanPostProcessorChecker : Bean 'databaseConfig' of type [com.donatedrop.util.DatabaseConfig$$EnhancerBySpringCGLIB$$9ab20a11] is not eligible for getting processed by all BeanPostProcessors (for example: not eligible for auto-proxying)
2020-04-12 10:33:12.605  INFO 19080 --- [           main] trationDelegate$BeanPostProcessorChecker : Bean 'org.springframework.transaction.annotation.ProxyTransactionManagementConfiguration' of type [org.springframework.transaction.annotation.ProxyTransactionManagementConfiguration$$EnhancerBySpringCGLIB$$3aeefdc6] is not eligible for getting processed by all BeanPostProcessors (for example: not eligible for auto-proxying)
2020-04-12 10:33:12.634  INFO 19080 --- [           main] trationDelegate$BeanPostProcessorChecker : Bean 'org.springframework.security.config.annotation.configuration.ObjectPostProcessorConfiguration' of type [org.springframework.security.config.annotation.configuration.ObjectPostProcessorConfiguration$$EnhancerBySpringCGLIB$$d39cc600] is not eligible for getting processed by all BeanPostProcessors (for example: not eligible for auto-proxying)
2020-04-12 10:33:12.641  INFO 19080 --- [           main] trationDelegate$BeanPostProcessorChecker : Bean 'objectPostProcessor' of type [org.springframework.security.config.annotation.configuration.AutowireBeanFactoryObjectPostProcessor] is not eligible for getting processed by all BeanPostProcessors (for example: not eligible for auto-proxying)
2020-04-12 10:33:12.642  INFO 19080 --- [           main] trationDelegate$BeanPostProcessorChecker : Bean 'org.springframework.security.access.expression.method.DefaultMethodSecurityExpressionHandler@2969a9a6' of type [org.springframework.security.access.expression.method.DefaultMethodSecurityExpressionHandler] is not eligible for getting processed by all BeanPostProcessors (for example: not eligible for auto-proxying)
2020-04-12 10:33:12.648  INFO 19080 --- [           main] trationDelegate$BeanPostProcessorChecker : Bean 'org.springframework.security.config.annotation.method.configuration.GlobalMethodSecurityConfiguration' of type [org.springframework.security.config.annotation.method.configuration.GlobalMethodSecurityConfiguration$$EnhancerBySpringCGLIB$$f87168b2] is not eligible for getting processed by all BeanPostProcessors (for example: not eligible for auto-proxying)
2020-04-12 10:33:12.656  INFO 19080 --- [           main] trationDelegate$BeanPostProcessorChecker : Bean 'methodSecurityMetadataSource' of type [org.springframework.security.access.method.DelegatingMethodSecurityMetadataSource] is not eligible for getting processed by all BeanPostProcessors (for example: not eligible for auto-proxying)


--Pass : (+JGda2993+)
2020-04-12 10:33:13.617  INFO 19080 --- [           main] o.s.s.web.DefaultSecurityFilterChain     : Creating filter chain: org.springframework.security.web.util.matcher.AnyRequestMatcher@1, [org.springframework.security.web.context.request.async.WebAsyncManagerIntegrationFilter@70ecf57b, org.springframework.security.web.context.SecurityContextPersistenceFilter@2dc3ece8, org.springframework.security.web.header.HeaderWriterFilter@186295cc, org.springframework.security.web.authentication.logout.LogoutFilter@772f3a3f, com.donatedrop.security.JwtAuthenticationTokenFilter@25216999, org.springframework.security.web.savedrequest.RequestCacheAwareFilter@6d7865d6, org.springframework.security.web.servletapi.SecurityContextHolderAwareRequestFilter@72f24a84, org.springframework.security.web.authentication.AnonymousAuthenticationFilter@4e5364a3, org.springframework.security.web.session.SessionManagementFilter@73be4cdd, org.springframework.security.web.access.ExceptionTranslationFilter@16029e2f, org.springframework.security.web.access.intercept.FilterSecurityInterceptor@fd5689d]
2020-04-12 10:33:13.862  INFO 19080 --- [           main] s.w.s.m.m.a.RequestMappingHandlerAdapter : Looking for @ControllerAdvice: org.springframework.web.context.support.GenericWebApplicationContext@31e5415e: startup date [Sun Apr 12 10:33:08 BDT 2020]; root of context hierarchy
2020-04-12 10:33:13.924  INFO 19080 --- [           main] s.w.s.m.m.a.RequestMappingHandlerMapping : Mapped "{[/user/create],methods=[POST]}" onto public void com.donatedrop.articles.Controller_Article.create()
2020-04-12 10:33:13.929  INFO 19080 --- [           main] s.w.s.m.m.a.RequestMappingHandlerMapping : Mapped "{[/test/test],methods=[GET]}" onto public java.lang.String com.donatedrop.articles.old.ArticleController.test()
2020-04-12 10:33:13.929  INFO 19080 --- [           main] s.w.s.m.m.a.RequestMappingHandlerMapping : Mapped "{[/test/article],methods=[PUT]}" onto public org.springframework.http.ResponseEntity<com.donatedrop.articles.Articles> com.donatedrop.articles.old.ArticleController.updateArticle(com.donatedrop.articles.Articles)
2020-04-12 10:33:13.929  INFO 19080 --- [           main] s.w.s.m.m.a.RequestMappingHandlerMapping : Mapped "{[/test/article/{id}],methods=[DELETE]}" onto public org.springframework.http.ResponseEntity<java.lang.Void> com.donatedrop.articles.old.ArticleController.deleteArticle(java.lang.Integer)
2020-04-12 10:33:13.929  INFO 19080 --- [           main] s.w.s.m.m.a.RequestMappingHandlerMapping : Mapped "{[/test/article/{id}],methods=[GET]}" onto public org.springframework.http.ResponseEntity<com.donatedrop.articles.Articles> com.donatedrop.articles.old.ArticleController.getArticleById(java.lang.Integer)
2020-04-12 10:33:13.930  INFO 19080 --- [           main] s.w.s.m.m.a.RequestMappingHandlerMapping : Mapped "{[/test/article],methods=[POST]}" onto public org.springframework.http.ResponseEntity<java.lang.Void> com.donatedrop.articles.old.ArticleController.addArticle(com.donatedrop.articles.Articles,org.springframework.web.util.UriComponentsBuilder)
2020-04-12 10:33:13.930  INFO 19080 --- [           main] s.w.s.m.m.a.RequestMappingHandlerMapping : Mapped "{[/test/articles],methods=[GET]}" onto public org.springframework.http.ResponseEntity<java.util.List<com.donatedrop.articles.Articles>> com.donatedrop.articles.old.ArticleController.getAllArticles()
2020-04-12 10:33:13.930  INFO 19080 --- [           main] s.w.s.m.m.a.RequestMappingHandlerMapping : Mapped "{[/test/article2],methods=[POST]}" onto public java.lang.String com.donatedrop.articles.old.ArticleController.addArticle2(com.donatedrop.articles.Articles,org.springframework.web.util.UriComponentsBuilder)
2020-04-12 10:33:13.930  INFO 19080 --- [           main] s.w.s.m.m.a.RequestMappingHandlerMapping : Mapped "{[/auth],methods=[POST]}" onto public org.springframework.http.ResponseEntity<?> com.donatedrop.controller.AuthenticationRestController.createAuthenticationToken(com.donatedrop.security.JwtAuthenticationRequest,org.springframework.mobile.device.Device) throws org.springframework.security.core.AuthenticationException
2020-04-12 10:33:13.930  INFO 19080 --- [           main] s.w.s.m.m.a.RequestMappingHandlerMapping : Mapped "{[/refresh],methods=[GET]}" onto public org.springframework.http.ResponseEntity<?> com.donatedrop.controller.AuthenticationRestController.refreshAndGetAuthenticationToken(javax.servlet.http.HttpServletRequest)
2020-04-12 10:33:13.931  INFO 19080 --- [           main] s.w.s.m.m.a.RequestMappingHandlerMapping : Mapped "{[/protected],methods=[GET]}" onto public org.springframework.http.ResponseEntity<?> com.donatedrop.controller.MethodProtectedRestController.getProtectedGreeting()
2020-04-12 10:33:13.931  INFO 19080 --- [           main] s.w.s.m.m.a.RequestMappingHandlerMapping : Mapped "{[/register],methods=[POST]}" onto public com.donatedrop.model.User com.donatedrop.controller.UserManage.register(com.donatedrop.model.User)
2020-04-12 10:33:13.931  INFO 19080 --- [           main] s.w.s.m.m.a.RequestMappingHandlerMapping : Mapped "{[/test],methods=[GET]}" onto public java.lang.String com.donatedrop.controller.UserRestController.test()
2020-04-12 10:33:13.932  INFO 19080 --- [           main] s.w.s.m.m.a.RequestMappingHandlerMapping : Mapped "{[/userRegistration],methods=[POST]}" onto public java.lang.String com.donatedrop.controller.UserRestController.getAuthenticatedUserRegistration(javax.servlet.http.HttpServletRequest)
2020-04-12 10:33:13.932  INFO 19080 --- [           main] s.w.s.m.m.a.RequestMappingHandlerMapping : Mapped "{[/userName],methods=[GET]}" onto public java.lang.String com.donatedrop.controller.UserRestController.getAuthenticatedUserName(javax.servlet.http.HttpServletRequest,java.security.Principal)
2020-04-12 10:33:13.932  INFO 19080 --- [           main] s.w.s.m.m.a.RequestMappingHandlerMapping : Mapped "{[/user],methods=[GET]}" onto public com.donatedrop.security.JwtUser com.donatedrop.controller.UserRestController.getAuthenticatedUser(javax.servlet.http.HttpServletRequest)
2020-04-12 10:33:13.933  INFO 19080 --- [           main] s.w.s.m.m.a.RequestMappingHandlerMapping : Mapped "{[/public/geocode/districts],methods=[POST]}" onto public java.util.List<com.donatedrop.geocode.DistrictsEngName> com.donatedrop.geocode.Controller_GeoCode.getDistricts(java.lang.String)
2020-04-12 10:33:13.933  INFO 19080 --- [           main] s.w.s.m.m.a.RequestMappingHandlerMapping : Mapped "{[/public/geocode/divisions],methods=[GET]}" onto public java.util.List<com.donatedrop.geocode.DivisionsEngName> com.donatedrop.geocode.Controller_GeoCode.getDivisions()
2020-04-12 10:33:13.933  INFO 19080 --- [           main] s.w.s.m.m.a.RequestMappingHandlerMapping : Mapped "{[/public/geocode/upzillas],methods=[POST]}" onto public java.util.List<com.donatedrop.geocode.UpzillaEngName> com.donatedrop.geocode.Controller_GeoCode.getDivisions(java.lang.String)
2020-04-12 10:33:13.933  INFO 19080 --- [           main] s.w.s.m.m.a.RequestMappingHandlerMapping : Mapped "{[/public/geocode/unions],methods=[POST]}" onto public java.util.List<com.donatedrop.geocode.UnionsEngName> com.donatedrop.geocode.Controller_GeoCode.getUnions(java.lang.String)
2020-04-12 10:33:13.934  INFO 19080 --- [           main] s.w.s.m.m.a.RequestMappingHandlerMapping : Mapped "{[/test/mail/testm],methods=[POST]}" onto public java.lang.String com.donatedrop.mail.MailController.test(com.donatedrop.mail.GMail)
2020-04-12 10:33:13.935  INFO 19080 --- [           main] s.w.s.m.m.a.RequestMappingHandlerMapping : Mapped "{[/test/mail/verify],methods=[POST]}" onto public java.lang.String com.donatedrop.mail.MailController.test(java.lang.String)
2020-04-12 10:33:13.935  INFO 19080 --- [           main] s.w.s.m.m.a.RequestMappingHandlerMapping : Mapped "{[/test/mail/send || /test/mail/sendTemplate || /test/mail/sendAttachment],methods=[GET]}" onto public java.lang.String com.donatedrop.mail.MailController.createMail(org.springframework.ui.Model,javax.servlet.http.HttpServletRequest)
2020-04-12 10:33:13.935  INFO 19080 --- [           main] s.w.s.m.m.a.RequestMappingHandlerMapping : Mapped "{[/test/mail/send],methods=[POST]}" onto public java.lang.String com.donatedrop.mail.MailController.createMail(org.springframework.ui.Model,com.donatedrop.mail.MailObject,org.springframework.validation.Errors)
2020-04-12 10:33:13.935  INFO 19080 --- [           main] s.w.s.m.m.a.RequestMappingHandlerMapping : Mapped "{[/test/mail],methods=[GET]}" onto public java.lang.String com.donatedrop.mail.MailController.showEmailsPage()
2020-04-12 10:33:13.935  INFO 19080 --- [           main] s.w.s.m.m.a.RequestMappingHandlerMapping : Mapped "{[/test/mail/sendTemplate],methods=[POST]}" onto public java.lang.String com.donatedrop.mail.MailController.createMailWithTemplate(org.springframework.ui.Model,com.donatedrop.mail.MailObject,org.springframework.validation.Errors)
2020-04-12 10:33:13.935  INFO 19080 --- [           main] s.w.s.m.m.a.RequestMappingHandlerMapping : Mapped "{[/test/mail/sendAttachment],methods=[POST]}" onto public java.lang.String com.donatedrop.mail.MailController.createMailWithAttachment(org.springframework.ui.Model,com.donatedrop.mail.MailObject,org.springframework.validation.Errors)
2020-04-12 10:33:13.936  INFO 19080 --- [           main] s.w.s.m.m.a.RequestMappingHandlerMapping : Mapped "{[/create],methods=[POST]}" onto public com.donatedrop.model.User com.donatedrop.profile.Profile_Basic_Controller.register(com.donatedrop.model.User)
2020-04-12 10:33:13.936  INFO 19080 --- [           main] s.w.s.m.m.a.RequestMappingHandlerMapping : Mapped "{[/user_register_],methods=[GET]}" onto public java.lang.String com.donatedrop.security.newcontroller.UserRegistration.user_register()
2020-04-12 10:33:13.937  INFO 19080 --- [           main] s.w.s.m.m.a.RequestMappingHandlerMapping : Mapped "{[/error]}" onto public org.springframework.http.ResponseEntity<java.util.Map<java.lang.String, java.lang.Object>> org.springframework.boot.autoconfigure.web.BasicErrorController.error(javax.servlet.http.HttpServletRequest)
2020-04-12 10:33:13.938  INFO 19080 --- [           main] s.w.s.m.m.a.RequestMappingHandlerMapping : Mapped "{[/error],produces=[text/html]}" onto public org.springframework.web.servlet.ModelAndView org.springframework.boot.autoconfigure.web.BasicErrorController.errorHtml(javax.servlet.http.HttpServletRequest,javax.servlet.http.HttpServletResponse)
2020-04-12 10:33:13.983  INFO 19080 --- [           main] o.s.w.s.handler.SimpleUrlHandlerMapping  : Mapped URL path [/webjars/**] onto handler of type [class org.springframework.web.servlet.resource.ResourceHttpRequestHandler]
2020-04-12 10:33:13.983  INFO 19080 --- [           main] o.s.w.s.handler.SimpleUrlHandlerMapping  : Mapped URL path [/**] onto handler of type [class org.springframework.web.servlet.resource.ResourceHttpRequestHandler]
2020-04-12 10:33:14.022  INFO 19080 --- [           main] o.s.w.s.handler.SimpleUrlHandlerMapping  : Mapped URL path [/**/favicon.ico] onto handler of type [class org.springframework.web.servlet.resource.ResourceHttpRequestHandler]
2020-04-12 10:33:14.302  INFO 19080 --- [           main] c.d.g.ProductServiceControllerTest       : Started ProductServiceControllerTest in 5.595 seconds (JVM running for 6.08)
2020-04-12 10:33:14.326  INFO 19080 --- [           main] o.s.b.t.m.w.SpringBootMockServletContext : Initializing Spring FrameworkServlet ''
2020-04-12 10:33:14.326  INFO 19080 --- [           main] o.s.t.web.servlet.TestDispatcherServlet  : FrameworkServlet '': initialization started
2020-04-12 10:33:14.339  INFO 19080 --- [           main] o.s.t.web.servlet.TestDispatcherServlet  : FrameworkServlet '': initialization completed in 13 ms
2020-04-12 10:33:14.389 DEBUG 19080 --- [           main] org.hibernate.SQL                        : SELECT divisions.id, divisions.name FROM divisions
Hibernate: SELECT divisions.id, divisions.name FROM divisions
]]></system-out>
  </testcase>
  <testcase name="hello" classname="com.donatedrop.grocode.ProductServiceControllerTest" time="0.005"/>
</testsuite>