<?xml version="1.0" encoding="UTF-8"?>
<testsuite xmlns:xsi="http://www.w3.org/2001/XMLSchema-instance" xsi:noNamespaceSchemaLocation="https://maven.apache.org/surefire/maven-surefire-plugin/xsd/surefire-test-report.xsd" name="com.donatedrop.profile_basic.Temp_Test" time="0.004" tests="1" errors="0" skipped="0" failures="0">
  <properties/>
  <testcase name="test1_readAddress" classname="com.donatedrop.profile_basic.Temp_Test" time="0.002"/>
</testsuite>